{"logTime": "1121/172322", "correlationVector":"3jP6k3Y4JKyf/7ui5igDqR.145","action":"GetUpdates", "result":"DeleteReceived", "context":{"id":"2e26ee3e-4a63-4565-90bf-1105ed2e8aee", "isDeleted:":"true", "version":"1731940704051"}}
{"logTime": "1121/172322", "correlationVector":"3jP6k3Y4JKyf/7ui5igDqR.146","action":"GetUpdates Response", "result":"Success", "context":Received 250 update(s). cV=3jP6k3Y4JKyf/7ui5igDqR.0;server=GENERAL0100000Q;cloudType=Consumer;environment=Prod_EastAsia_000d;migrationStage=NotStarted Some updates remain.}
{"logTime": "1121/172322", "correlationVector":"kZU6CzIznEVCO8v+W3TCtA","action":"Initial GetUpdates", "result":"", "context":Reason: NEWLY_SUPPORTED_DATATYPE. cV=kZU6CzIznEVCO8v+W3TCtA}
{"logTime": "1121/172322", "correlationVector":"kZU6CzIznEVCO8v+W3TCtA.1","action":"SyncServerConnectionManagerRequest", "result":"SYNC_SERVER_OK", "context":{"environment":"Prod_EastAsia_000d", "migrationStage":"NotStarted", "server":"GENERAL0100001G"}}
{"logTime": "1121/172322", "correlationVector":"kZU6CzIznEVCO8v+W3TCtA.2","action":"GetUpdates", "result":"DeleteReceived", "context":{"id":"fc7707cc-c3c7-4aa9-a8ed-6608f467b78c", "isDeleted:":"true", "version":"1732030608729"}}
{"logTime": "1121/172322", "correlationVector":"kZU6CzIznEVCO8v+W3TCtA.3","action":"GetUpdates", "result":"DeleteReceived", "context":{"id":"ca03f410-c4c1-4f2e-a92d-0cbe914cea21", "isDeleted:":"true", "version":"1732030642998"}}
{"logTime": "1121/172322", "correlationVector":"kZU6CzIznEVCO8v+W3TCtA.4","action":"GetUpdates", "result":"DeleteReceived", "context":{"id":"bba4401c-26ad-4e15-9f58-6f349ddb275b", "isDeleted:":"true", "version":"1732031211789"}}
{"logTime": "1121/172322", "correlationVector":"kZU6CzIznEVCO8v+W3TCtA.5","action":"GetUpdates", "result":"DeleteReceived", "context":{"id":"ee6692d5-e3e0-4463-b054-6195675ed565", "isDeleted:":"true", "version":"1732031211792"}}
{"logTime": "1121/172322", "correlationVector":"kZU6CzIznEVCO8v+W3TCtA.6","action":"GetUpdates", "result":"DeleteReceived", "context":{"id":"baa85ecc-0ef4-47cb-bb97-cf70c2093530", "isDeleted:":"true", "version":"1732032742339"}}
{"logTime": "1121/172322", "correlationVector":"kZU6CzIznEVCO8v+W3TCtA.7","action":"GetUpdates", "result":"DeleteReceived", "context":{"id":"b23a226b-2319-4610-88be-c8818d1b85d8", "isDeleted:":"true", "version":"1732041106214"}}
{"logTime": "1121/172322", "correlationVector":"kZU6CzIznEVCO8v+W3TCtA.8","action":"GetUpdates", "result":"DeleteReceived", "context":{"id":"16cd961e-f964-4f68-8293-b8afd81606df", "isDeleted:":"true", "version":"1732047830519"}}
{"logTime": "1121/172322", "correlationVector":"kZU6CzIznEVCO8v+W3TCtA.9","action":"GetUpdates", "result":"DeleteReceived", "context":{"id":"5040abf6-66c2-4704-ad3a-2fa8cce4c742", "isDeleted:":"true", "version":"1732052729804"}}
{"logTime": "1121/172322", "correlationVector":"kZU6CzIznEVCO8v+W3TCtA.10","action":"GetUpdates", "result":"DeleteReceived", "context":{"id":"2ab15a74-4ab9-48ca-8db6-8e5ebb2af75f", "isDeleted:":"true", "version":"1732058475573"}}
{"logTime": "1121/172322", "correlationVector":"kZU6CzIznEVCO8v+W3TCtA.11","action":"GetUpdates", "result":"DeleteReceived", "context":{"id":"d980931d-7efc-4f8d-b0ef-0583872dc56a", "isDeleted:":"true", "version":"1732058871818"}}
{"logTime": "1121/172322", "correlationVector":"kZU6CzIznEVCO8v+W3TCtA.12","action":"GetUpdates", "result":"DeleteReceived", "context":{"id":"e6901e04-ba51-4fc1-a095-715b4d790aa3", "isDeleted:":"true", "version":"1732088807287"}}
{"logTime": "1121/172322", "correlationVector":"kZU6CzIznEVCO8v+W3TCtA.13","action":"GetUpdates", "result":"DeleteReceived", "context":{"id":"29378785-58a3-4d66-ac3c-7cf77a39ca7a", "isDeleted:":"true", "version":"1732090456174"}}
{"logTime": "1121/172322", "correlationVector":"kZU6CzIznEVCO8v+W3TCtA.14","action":"GetUpdates", "result":"DeleteReceived", "context":{"id":"c3a6050d-b5d1-4961-9101-69c9e38dc702", "isDeleted:":"true", "version":"1732090682564"}}
{"logTime": "1121/172322", "correlationVector":"kZU6CzIznEVCO8v+W3TCtA.15","action":"GetUpdates", "result":"DeleteReceived", "context":{"id":"63b64d74-d849-47a5-bc0d-54a3ebf1f883", "isDeleted:":"true", "version":"1732090682566"}}
{"logTime": "1121/172322", "correlationVector":"kZU6CzIznEVCO8v+W3TCtA.16","action":"GetUpdates", "result":"DeleteReceived", "context":{"id":"84024bb5-d4f9-4fbc-9a96-58fc77bb2056", "isDeleted:":"true", "version":"1732091874456"}}
{"logTime": "1121/172322", "correlationVector":"kZU6CzIznEVCO8v+W3TCtA.17","action":"GetUpdates", "result":"DeleteReceived", "context":{"id":"6eb3551e-0d50-4b90-9cdd-e118593f9391", "isDeleted:":"true", "version":"1732094497180"}}
{"logTime": "1121/172322", "correlationVector":"kZU6CzIznEVCO8v+W3TCtA.18","action":"GetUpdates", "result":"DeleteReceived", "context":{"id":"61f33b3d-cc0f-4d93-a77c-595f452ca736", "isDeleted:":"true", "version":"1732097379828"}}
{"logTime": "1121/172322", "correlationVector":"kZU6CzIznEVCO8v+W3TCtA.19","action":"GetUpdates", "result":"DeleteReceived", "context":{"id":"ddf96f5d-876e-4a38-9dc7-373f521d518e", "isDeleted:":"true", "version":"1732097543774"}}
{"logTime": "1121/172322", "correlationVector":"kZU6CzIznEVCO8v+W3TCtA.20","action":"GetUpdates", "result":"DeleteReceived", "context":{"id":"a949c083-3865-465f-8ad4-e7ec32198447", "isDeleted:":"true", "version":"1732097543775"}}
{"logTime": "1121/172322", "correlationVector":"kZU6CzIznEVCO8v+W3TCtA.21","action":"GetUpdates", "result":"DeleteReceived", "context":{"id":"55b6775b-405b-4efa-be28-ae2ca3cf300b", "isDeleted:":"true", "version":"1732097638738"}}
{"logTime": "1121/172322", "correlationVector":"kZU6CzIznEVCO8v+W3TCtA.22","action":"GetUpdates", "result":"DeleteReceived", "context":{"id":"dd8ea71b-bf44-4724-98f0-c795f902d1f3", "isDeleted:":"true", "version":"1732106018425"}}
{"logTime": "1121/172322", "correlationVector":"kZU6CzIznEVCO8v+W3TCtA.23","action":"GetUpdates", "result":"DeleteReceived", "context":{"id":"576af376-e3aa-43ed-9303-301ab77bf8c9", "isDeleted:":"true", "version":"1732106018427"}}
{"logTime": "1121/172322", "correlationVector":"kZU6CzIznEVCO8v+W3TCtA.24","action":"GetUpdates", "result":"DeleteReceived", "context":{"id":"cea3d33f-4513-4498-8533-bf52252e213f", "isDeleted:":"true", "version":"1732106049057"}}
{"logTime": "1121/172322", "correlationVector":"kZU6CzIznEVCO8v+W3TCtA.25","action":"GetUpdates", "result":"DeleteReceived", "context":{"id":"7b351d44-a6f3-49f9-ad60-3eec412fc363", "isDeleted:":"true", "version":"1732110855341"}}
{"logTime": "1121/172322", "correlationVector":"kZU6CzIznEVCO8v+W3TCtA.26","action":"GetUpdates", "result":"DeleteReceived", "context":{"id":"378e7e6a-a5b8-4c59-ab8f-6a364a7bbfa4", "isDeleted:":"true", "version":"1732111545027"}}
{"logTime": "1121/172322", "correlationVector":"kZU6CzIznEVCO8v+W3TCtA.27","action":"GetUpdates", "result":"DeleteReceived", "context":{"id":"40c8dead-8dd6-4fc0-b9e4-1d876f79f0ca", "isDeleted:":"true", "version":"1732115107879"}}
{"logTime": "1121/172322", "correlationVector":"kZU6CzIznEVCO8v+W3TCtA.28","action":"GetUpdates", "result":"DeleteReceived", "context":{"id":"4561bafb-487c-431d-bbdf-1abc1cc1cef4", "isDeleted:":"true", "version":"1732115175356"}}
{"logTime": "1121/172322", "correlationVector":"kZU6CzIznEVCO8v+W3TCtA.29","action":"GetUpdates", "result":"DeleteReceived", "context":{"id":"482eaae1-8efb-45dc-ad28-60a6f14d1870", "isDeleted:":"true", "version":"1732115264994"}}
{"logTime": "1121/172322", "correlationVector":"kZU6CzIznEVCO8v+W3TCtA.30","action":"GetUpdates", "result":"DeleteReceived", "context":{"id":"63fcd697-1d78-448a-af65-9378cf5257be", "isDeleted:":"true", "version":"1732187051265"}}
{"logTime": "1121/172322", "correlationVector":"kZU6CzIznEVCO8v+W3TCtA.31","action":"GetUpdates", "result":"DeleteReceived", "context":{"id":"4d72fb04-dbb3-4182-95c1-9e0badb4f266", "isDeleted:":"true", "version":"1732195469502"}}
{"logTime": "1121/172322", "correlationVector":"kZU6CzIznEVCO8v+W3TCtA.32","action":"GetUpdates", "result":"DeleteReceived", "context":{"id":"37eb85c3-7cd9-40cb-acd5-d018665248ea", "isDeleted:":"true", "version":"1732195469503"}}
{"logTime": "1121/172322", "correlationVector":"kZU6CzIznEVCO8v+W3TCtA.33","action":"GetUpdates", "result":"DeleteReceived", "context":{"id":"c1b85fb6-d9ea-49ca-9ce4-30a810bd9d4e", "isDeleted:":"true", "version":"1732195469504"}}
{"logTime": "1121/172322", "correlationVector":"kZU6CzIznEVCO8v+W3TCtA.34","action":"GetUpdates", "result":"DeleteReceived", "context":{"id":"6f7a5194-e9e5-49da-a258-e308a781e0cd", "isDeleted:":"true", "version":"1732198497387"}}
{"logTime": "1121/172322", "correlationVector":"kZU6CzIznEVCO8v+W3TCtA.35","action":"GetUpdates", "result":"DeleteReceived", "context":{"id":"a33ee092-5b2b-4dfb-a600-7aebb5bdea8b", "isDeleted:":"true", "version":"1732051729754"}}
{"logTime": "1121/172322", "correlationVector":"kZU6CzIznEVCO8v+W3TCtA.36","action":"GetUpdates", "result":"DeleteReceived", "context":{"id":"af15e9f7-dc07-4f22-8660-689707c78fc0", "isDeleted:":"true", "version":"1732051729755"}}
{"logTime": "1121/172322", "correlationVector":"kZU6CzIznEVCO8v+W3TCtA.37","action":"GetUpdates", "result":"DeleteReceived", "context":{"id":"e7eef614-fab7-4095-af5b-9b9e08bf8086", "isDeleted:":"true", "version":"1732051729756"}}
{"logTime": "1121/172322", "correlationVector":"kZU6CzIznEVCO8v+W3TCtA.38","action":"GetUpdates", "result":"DeleteReceived", "context":{"id":"b6302ea6-a1d1-453d-b99d-353b835b62dc", "isDeleted:":"true", "version":"1732051729757"}}
{"logTime": "1121/172322", "correlationVector":"kZU6CzIznEVCO8v+W3TCtA.39","action":"GetUpdates", "result":"DeleteReceived", "context":{"id":"8c07815f-0867-4705-ad7f-6d1d5054bc3f", "isDeleted:":"true", "version":"1732051729758"}}
{"logTime": "1121/172322", "correlationVector":"kZU6CzIznEVCO8v+W3TCtA.40","action":"GetUpdates", "result":"DeleteReceived", "context":{"id":"ed827ce8-db6c-4827-983b-3ad82d466476", "isDeleted:":"true", "version":"1732051729759"}}
{"logTime": "1121/172322", "correlationVector":"kZU6CzIznEVCO8v+W3TCtA.41","action":"GetUpdates", "result":"DeleteReceived", "context":{"id":"83db6513-0efa-42bc-a2e1-bc44941bed96", "isDeleted:":"true", "version":"1732051729760"}}
{"logTime": "1121/172322", "correlationVector":"kZU6CzIznEVCO8v+W3TCtA.42","action":"GetUpdates", "result":"DeleteReceived", "context":{"id":"f2197908-1871-475e-bbae-f30c079d28d6", "isDeleted:":"true", "version":"1732051729761"}}
{"logTime": "1121/172322", "correlationVector":"kZU6CzIznEVCO8v+W3TCtA.43","action":"GetUpdates", "result":"DeleteReceived", "context":{"id":"3a836e94-78ea-4ef2-9d2e-e593c34037f2", "isDeleted:":"true", "version":"1732051729762"}}
{"logTime": "1121/172322", "correlationVector":"kZU6CzIznEVCO8v+W3TCtA.44","action":"GetUpdates", "result":"DeleteReceived", "context":{"id":"86ece1ae-d097-47e0-a204-6dc5db1b0172", "isDeleted:":"true", "version":"1732051729763"}}
{"logTime": "1121/172322", "correlationVector":"kZU6CzIznEVCO8v+W3TCtA.45","action":"GetUpdates", "result":"DeleteReceived", "context":{"id":"ee11e466-c06a-4e1e-9b60-4ee9c62329fe", "isDeleted:":"true", "version":"1732051729764"}}
{"logTime": "1121/172322", "correlationVector":"kZU6CzIznEVCO8v+W3TCtA.46","action":"GetUpdates", "result":"DeleteReceived", "context":{"id":"c56f8935-97bb-4071-ad8c-e04233808626", "isDeleted:":"true", "version":"1732051729765"}}
{"logTime": "1121/172322", "correlationVector":"kZU6CzIznEVCO8v+W3TCtA.47","action":"GetUpdates", "result":"DeleteReceived", "context":{"id":"e127bb1e-b053-4735-ba8d-779daeaad7fd", "isDeleted:":"true", "version":"1732051729766"}}
{"logTime": "1121/172322", "correlationVector":"kZU6CzIznEVCO8v+W3TCtA.48","action":"GetUpdates", "result":"DeleteReceived", "context":{"id":"ba97c284-5ed3-47d8-a594-51e313268adc", "isDeleted:":"true", "version":"1732051729767"}}
{"logTime": "1121/172322", "correlationVector":"kZU6CzIznEVCO8v+W3TCtA.49","action":"GetUpdates", "result":"DeleteReceived", "context":{"id":"9dd2f992-878f-4935-97f8-2c2a8b836b75", "isDeleted:":"true", "version":"1732051729768"}}
{"logTime": "1121/172322", "correlationVector":"kZU6CzIznEVCO8v+W3TCtA.50","action":"GetUpdates", "result":"DeleteReceived", "context":{"id":"29e175d8-4c2e-442e-bdf9-4b2ba1d7ae88", "isDeleted:":"true", "version":"1732051729769"}}
{"logTime": "1121/172322", "correlationVector":"kZU6CzIznEVCO8v+W3TCtA.51","action":"GetUpdates", "result":"DeleteReceived", "context":{"id":"80583f25-10f5-4bb4-b54b-c72d90563066", "isDeleted:":"true", "version":"1732051729770"}}
{"logTime": "1121/172322", "correlationVector":"kZU6CzIznEVCO8v+W3TCtA.52","action":"GetUpdates", "result":"DeleteReceived", "context":{"id":"e81292b1-b80e-4224-8c07-2469427c2c16", "isDeleted:":"true", "version":"1732051729771"}}
{"logTime": "1121/172322", "correlationVector":"kZU6CzIznEVCO8v+W3TCtA.53","action":"GetUpdates", "result":"DeleteReceived", "context":{"id":"1c08685c-2c21-4b46-a835-6b9fda7304ba", "isDeleted:":"true", "version":"1732051729772"}}
{"logTime": "1121/172322", "correlationVector":"kZU6CzIznEVCO8v+W3TCtA.54","action":"GetUpdates", "result":"DeleteReceived", "context":{"id":"9a53919e-f84b-4587-8059-790d9b35bbd1", "isDeleted:":"true", "version":"1732051729773"}}
{"logTime": "1121/172322", "correlationVector":"kZU6CzIznEVCO8v+W3TCtA.55","action":"GetUpdates", "result":"DeleteReceived", "context":{"id":"8d87d811-1b75-415d-982a-2caaac0de6ca", "isDeleted:":"true", "version":"1732051729774"}}
{"logTime": "1121/172322", "correlationVector":"kZU6CzIznEVCO8v+W3TCtA.56","action":"GetUpdates", "result":"DeleteReceived", "context":{"id":"3e252f31-0abe-4423-b5bc-69ca335d3d75", "isDeleted:":"true", "version":"1732051729775"}}
{"logTime": "1121/172322", "correlationVector":"kZU6CzIznEVCO8v+W3TCtA.57","action":"GetUpdates", "result":"DeleteReceived", "context":{"id":"d694ddda-41df-48d9-9f16-785bf9fd5773", "isDeleted:":"true", "version":"1732051729776"}}
{"logTime": "1121/172322", "correlationVector":"kZU6CzIznEVCO8v+W3TCtA.58","action":"GetUpdates", "result":"DeleteReceived", "context":{"id":"a2fa495f-9626-4134-be74-393c0defa101", "isDeleted:":"true", "version":"1732051729777"}}
{"logTime": "1121/172322", "correlationVector":"kZU6CzIznEVCO8v+W3TCtA.59","action":"GetUpdates", "result":"DeleteReceived", "context":{"id":"70bc70f2-584d-4df7-ab1e-7a9747617834", "isDeleted:":"true", "version":"1732051729778"}}
{"logTime": "1121/172322", "correlationVector":"kZU6CzIznEVCO8v+W3TCtA.60","action":"GetUpdates", "result":"DeleteReceived", "context":{"id":"0e515663-cb10-4ba2-829f-60a537e1b4d1", "isDeleted:":"true", "version":"1732051729779"}}
{"logTime": "1121/172322", "correlationVector":"kZU6CzIznEVCO8v+W3TCtA.61","action":"GetUpdates", "result":"DeleteReceived", "context":{"id":"2dc719fb-89c6-4748-a430-1b7f0b56571c", "isDeleted:":"true", "version":"1732051729780"}}
{"logTime": "1121/172322", "correlationVector":"kZU6CzIznEVCO8v+W3TCtA.62","action":"GetUpdates", "result":"DeleteReceived", "context":{"id":"dd29f751-d424-40e3-803a-9a364a8324e4", "isDeleted:":"true", "version":"1732051729781"}}
{"logTime": "1121/172322", "correlationVector":"kZU6CzIznEVCO8v+W3TCtA.63","action":"GetUpdates", "result":"DeleteReceived", "context":{"id":"04659515-81f1-4b91-9ebc-13b12efaa626", "isDeleted:":"true", "version":"1732051729782"}}
{"logTime": "1121/172322", "correlationVector":"kZU6CzIznEVCO8v+W3TCtA.64","action":"GetUpdates", "result":"DeleteReceived", "context":{"id":"25db96ec-0c9b-4c27-a709-7b5f52035557", "isDeleted:":"true", "version":"1732051729783"}}
{"logTime": "1121/172322", "correlationVector":"kZU6CzIznEVCO8v+W3TCtA.65","action":"GetUpdates", "result":"DeleteReceived", "context":{"id":"f7799f43-5408-4352-ab8a-bc2a9afcb58b", "isDeleted:":"true", "version":"1732051729784"}}
{"logTime": "1121/172322", "correlationVector":"kZU6CzIznEVCO8v+W3TCtA.66","action":"GetUpdates", "result":"DeleteReceived", "context":{"id":"b941ddfd-6199-4f26-b823-4b646755fe4d", "isDeleted:":"true", "version":"1732051729785"}}
{"logTime": "1121/172322", "correlationVector":"kZU6CzIznEVCO8v+W3TCtA.67","action":"GetUpdates", "result":"DeleteReceived", "context":{"id":"fe3d3ab6-6b46-47da-99da-8fc08677bf42", "isDeleted:":"true", "version":"1732051729786"}}
{"logTime": "1121/172322", "correlationVector":"kZU6CzIznEVCO8v+W3TCtA.68","action":"GetUpdates", "result":"DeleteReceived", "context":{"id":"4990f252-e96d-48b7-a5b9-bb0b91fb0f4c", "isDeleted:":"true", "version":"1732051729787"}}
{"logTime": "1121/172322", "correlationVector":"kZU6CzIznEVCO8v+W3TCtA.69","action":"GetUpdates", "result":"DeleteReceived", "context":{"id":"c2101a5d-1dbd-43a5-a06a-1e085bb7065a", "isDeleted:":"true", "version":"1732051729788"}}
{"logTime": "1121/172322", "correlationVector":"kZU6CzIznEVCO8v+W3TCtA.70","action":"GetUpdates", "result":"DeleteReceived", "context":{"id":"3cbe7658-268e-4efb-bee0-4840f3519f3d", "isDeleted:":"true", "version":"1732051729789"}}
{"logTime": "1121/172322", "correlationVector":"kZU6CzIznEVCO8v+W3TCtA.71","action":"GetUpdates", "result":"DeleteReceived", "context":{"id":"40cf152b-e395-4f3d-ad11-9e3fb0b7db4c", "isDeleted:":"true", "version":"1732051729790"}}
{"logTime": "1121/172322", "correlationVector":"kZU6CzIznEVCO8v+W3TCtA.72","action":"GetUpdates", "result":"DeleteReceived", "context":{"id":"471725f5-8c1e-48e3-8671-bdb60b746c3e", "isDeleted:":"true", "version":"1732051732300"}}
{"logTime": "1121/172322", "correlationVector":"kZU6CzIznEVCO8v+W3TCtA.73","action":"GetUpdates", "result":"DeleteReceived", "context":{"id":"d2654fc2-f98b-4a8b-913c-57b507840a84", "isDeleted:":"true", "version":"1732051732301"}}
{"logTime": "1121/172322", "correlationVector":"kZU6CzIznEVCO8v+W3TCtA.74","action":"GetUpdates", "result":"DeleteReceived", "context":{"id":"4c020863-7691-4af3-b825-925e7e58a040", "isDeleted:":"true", "version":"1732051732302"}}
{"logTime": "1121/172322", "correlationVector":"kZU6CzIznEVCO8v+W3TCtA.75","action":"GetUpdates", "result":"DeleteReceived", "context":{"id":"1ec7ef4b-e9c2-49c7-a6d6-34c4889c046d", "isDeleted:":"true", "version":"1732051732303"}}
{"logTime": "1121/172322", "correlationVector":"kZU6CzIznEVCO8v+W3TCtA.76","action":"GetUpdates", "result":"DeleteReceived", "context":{"id":"a83c39d6-614e-4799-8490-8ae83eedb69f", "isDeleted:":"true", "version":"1732051732304"}}
{"logTime": "1121/172322", "correlationVector":"kZU6CzIznEVCO8v+W3TCtA.77","action":"GetUpdates", "result":"DeleteReceived", "context":{"id":"aba5e8c2-b107-4046-bafd-4d5cfd6d13b0", "isDeleted:":"true", "version":"1732051732305"}}
{"logTime": "1121/172322", "correlationVector":"kZU6CzIznEVCO8v+W3TCtA.78","action":"GetUpdates", "result":"DeleteReceived", "context":{"id":"98fe899c-5898-44c1-a85d-bab03a7b4204", "isDeleted:":"true", "version":"1732051732306"}}
{"logTime": "1121/172322", "correlationVector":"kZU6CzIznEVCO8v+W3TCtA.79","action":"GetUpdates", "result":"DeleteReceived", "context":{"id":"7c493a64-6d32-4dc1-9987-2a806662a97a", "isDeleted:":"true", "version":"1732051732307"}}
{"logTime": "1121/172322", "correlationVector":"kZU6CzIznEVCO8v+W3TCtA.80","action":"GetUpdates", "result":"DeleteReceived", "context":{"id":"780b8f5e-7bd9-46fd-be59-e74c4f0a28e4", "isDeleted:":"true", "version":"1732051732308"}}
{"logTime": "1121/172322", "correlationVector":"kZU6CzIznEVCO8v+W3TCtA.81","action":"GetUpdates", "result":"DeleteReceived", "context":{"id":"f12168c1-602f-4260-8cfa-0fcfc4841747", "isDeleted:":"true", "version":"1732051732309"}}
{"logTime": "1121/172322", "correlationVector":"kZU6CzIznEVCO8v+W3TCtA.82","action":"GetUpdates", "result":"DeleteReceived", "context":{"id":"2166bc25-4bb8-4ef0-8178-57d7d0d3b5f9", "isDeleted:":"true", "version":"1732051732310"}}
{"logTime": "1121/172322", "correlationVector":"kZU6CzIznEVCO8v+W3TCtA.83","action":"GetUpdates", "result":"DeleteReceived", "context":{"id":"b3aae980-c807-484c-a8b5-ec64fed2ea67", "isDeleted:":"true", "version":"1732051732311"}}
{"logTime": "1121/172322", "correlationVector":"kZU6CzIznEVCO8v+W3TCtA.84","action":"GetUpdates", "result":"DeleteReceived", "context":{"id":"f8a33f31-36ff-4216-87c6-73ad2ab2f7e5", "isDeleted:":"true", "version":"1732051732312"}}
{"logTime": "1121/172322", "correlationVector":"kZU6CzIznEVCO8v+W3TCtA.85","action":"GetUpdates", "result":"DeleteReceived", "context":{"id":"c0dcf029-a9f6-4781-b238-47e3cafda6a3", "isDeleted:":"true", "version":"1732051732313"}}
{"logTime": "1121/172322", "correlationVector":"kZU6CzIznEVCO8v+W3TCtA.86","action":"GetUpdates", "result":"DeleteReceived", "context":{"id":"40552392-7bcd-4814-a8b8-64fc9e600189", "isDeleted:":"true", "version":"1732051732314"}}
{"logTime": "1121/172322", "correlationVector":"kZU6CzIznEVCO8v+W3TCtA.87","action":"GetUpdates", "result":"DeleteReceived", "context":{"id":"19d2530c-1d9d-4115-a634-b7fa81810756", "isDeleted:":"true", "version":"1732051732315"}}
{"logTime": "1121/172322", "correlationVector":"kZU6CzIznEVCO8v+W3TCtA.88","action":"GetUpdates", "result":"DeleteReceived", "context":{"id":"19a36475-09e6-4966-a731-b29b514ee0f0", "isDeleted:":"true", "version":"1732051732316"}}
{"logTime": "1121/172322", "correlationVector":"kZU6CzIznEVCO8v+W3TCtA.89","action":"GetUpdates", "result":"DeleteReceived", "context":{"id":"b5d689f0-9599-40ec-91a7-173bf5db7199", "isDeleted:":"true", "version":"1732051732317"}}
{"logTime": "1121/172322", "correlationVector":"kZU6CzIznEVCO8v+W3TCtA.90","action":"GetUpdates", "result":"DeleteReceived", "context":{"id":"02fe411e-03eb-434a-b6a3-b7aba2bf33b8", "isDeleted:":"true", "version":"1732051732318"}}
{"logTime": "1121/172322", "correlationVector":"kZU6CzIznEVCO8v+W3TCtA.91","action":"GetUpdates", "result":"DeleteReceived", "context":{"id":"b8dc37bd-9a63-4f8a-9a03-fa4cdb92a335", "isDeleted:":"true", "version":"1732051732319"}}
{"logTime": "1121/172322", "correlationVector":"kZU6CzIznEVCO8v+W3TCtA.92","action":"GetUpdates", "result":"DeleteReceived", "context":{"id":"499ce45f-f372-4572-b29e-a7069642ec8a", "isDeleted:":"true", "version":"1732051732320"}}
{"logTime": "1121/172322", "correlationVector":"kZU6CzIznEVCO8v+W3TCtA.93","action":"GetUpdates", "result":"DeleteReceived", "context":{"id":"bb2f043f-682f-4af2-bd7f-962262e6a451", "isDeleted:":"true", "version":"1732051732321"}}
{"logTime": "1121/172322", "correlationVector":"kZU6CzIznEVCO8v+W3TCtA.94","action":"GetUpdates", "result":"DeleteReceived", "context":{"id":"c57185cb-3f8d-42b5-bb7a-a4d3fc76a589", "isDeleted:":"true", "version":"1732051732322"}}
{"logTime": "1121/172322", "correlationVector":"kZU6CzIznEVCO8v+W3TCtA.95","action":"GetUpdates", "result":"DeleteReceived", "context":{"id":"632e36fe-bd6e-4a2f-a092-f5b6e99a1a5a", "isDeleted:":"true", "version":"1732051732323"}}
{"logTime": "1121/172322", "correlationVector":"kZU6CzIznEVCO8v+W3TCtA.96","action":"GetUpdates", "result":"DeleteReceived", "context":{"id":"be69934c-bf61-4ced-a065-222f522123d8", "isDeleted:":"true", "version":"1732051732324"}}
{"logTime": "1121/172322", "correlationVector":"kZU6CzIznEVCO8v+W3TCtA.97","action":"GetUpdates", "result":"DeleteReceived", "context":{"id":"083f077b-f209-4e49-b5d8-04302180e1b5", "isDeleted:":"true", "version":"1732051732325"}}
{"logTime": "1121/172322", "correlationVector":"kZU6CzIznEVCO8v+W3TCtA.98","action":"GetUpdates", "result":"DeleteReceived", "context":{"id":"bc674d80-e934-4356-9b5e-8fe2e87a6c94", "isDeleted:":"true", "version":"1732051732326"}}
{"logTime": "1121/172322", "correlationVector":"kZU6CzIznEVCO8v+W3TCtA.99","action":"GetUpdates", "result":"DeleteReceived", "context":{"id":"0187a321-e011-43ac-9e69-92fd182c5fd3", "isDeleted:":"true", "version":"1732051732327"}}
{"logTime": "1121/172322", "correlationVector":"kZU6CzIznEVCO8v+W3TCtA.100","action":"GetUpdates", "result":"DeleteReceived", "context":{"id":"62af4a2f-0675-4c87-9317-37dece6ec825", "isDeleted:":"true", "version":"1732051732328"}}
{"logTime": "1121/172322", "correlationVector":"kZU6CzIznEVCO8v+W3TCtA.101","action":"GetUpdates", "result":"DeleteReceived", "context":{"id":"3ab1f26a-65cc-4954-8007-8656ef195111", "isDeleted:":"true", "version":"1732051732329"}}
{"logTime": "1121/172322", "correlationVector":"kZU6CzIznEVCO8v+W3TCtA.102","action":"GetUpdates", "result":"DeleteReceived", "context":{"id":"432b5dbe-e400-4658-9bf8-366fb5685f82", "isDeleted:":"true", "version":"1732051732330"}}
{"logTime": "1121/172322", "correlationVector":"kZU6CzIznEVCO8v+W3TCtA.103","action":"GetUpdates", "result":"DeleteReceived", "context":{"id":"ea5dedda-c597-4e2f-8956-027af7fc8173", "isDeleted:":"true", "version":"1732051732331"}}
{"logTime": "1121/172322", "correlationVector":"kZU6CzIznEVCO8v+W3TCtA.104","action":"GetUpdates", "result":"DeleteReceived", "context":{"id":"f7735420-8d63-486d-b5f0-23a981dc0576", "isDeleted:":"true", "version":"1732051732332"}}
{"logTime": "1121/172322", "correlationVector":"kZU6CzIznEVCO8v+W3TCtA.105","action":"GetUpdates", "result":"DeleteReceived", "context":{"id":"790d07e0-0f47-47c8-b7a5-89b0790e88e3", "isDeleted:":"true", "version":"1732051732333"}}
{"logTime": "1121/172322", "correlationVector":"kZU6CzIznEVCO8v+W3TCtA.106","action":"GetUpdates", "result":"DeleteReceived", "context":{"id":"c0033c35-3b3c-4063-81de-07b932a8c3a5", "isDeleted:":"true", "version":"1732051732334"}}
{"logTime": "1121/172322", "correlationVector":"kZU6CzIznEVCO8v+W3TCtA.107","action":"GetUpdates", "result":"DeleteReceived", "context":{"id":"7c06b0b7-4272-4385-b605-a9aa6ffa3e3f", "isDeleted:":"true", "version":"1732051732335"}}
{"logTime": "1121/172322", "correlationVector":"kZU6CzIznEVCO8v+W3TCtA.108","action":"GetUpdates", "result":"DeleteReceived", "context":{"id":"6ed9b1d1-f042-4c9f-b01f-a2b00d707c72", "isDeleted:":"true", "version":"1732051732336"}}
{"logTime": "1121/172322", "correlationVector":"kZU6CzIznEVCO8v+W3TCtA.109","action":"GetUpdates", "result":"DeleteReceived", "context":{"id":"43d2ddeb-14cc-4ff3-9ace-bbcedb1fd67b", "isDeleted:":"true", "version":"1732051732337"}}
{"logTime": "1121/172322", "correlationVector":"kZU6CzIznEVCO8v+W3TCtA.110","action":"GetUpdates", "result":"DeleteReceived", "context":{"id":"1ed18452-222f-447b-9396-76e4c0420f70", "isDeleted:":"true", "version":"1732051732338"}}
{"logTime": "1121/172322", "correlationVector":"kZU6CzIznEVCO8v+W3TCtA.111","action":"GetUpdates", "result":"DeleteReceived", "context":{"id":"06e5022d-ccdb-4d7e-b35d-14fbf10ce372", "isDeleted:":"true", "version":"1732051735033"}}
{"logTime": "1121/172322", "correlationVector":"kZU6CzIznEVCO8v+W3TCtA.112","action":"GetUpdates", "result":"DeleteReceived", "context":{"id":"d0e72fbd-b35e-4ac5-9468-2bad6953f80c", "isDeleted:":"true", "version":"1732051735034"}}
{"logTime": "1121/172322", "correlationVector":"kZU6CzIznEVCO8v+W3TCtA.113","action":"GetUpdates", "result":"DeleteReceived", "context":{"id":"373e8be8-5718-49b5-9da8-3446466e64be", "isDeleted:":"true", "version":"1732051735035"}}
{"logTime": "1121/172322", "correlationVector":"kZU6CzIznEVCO8v+W3TCtA.114","action":"GetUpdates", "result":"DeleteReceived", "context":{"id":"b8fbcbd8-10b4-42e4-abc2-8a674fd53231", "isDeleted:":"true", "version":"1732051735036"}}
{"logTime": "1121/172322", "correlationVector":"kZU6CzIznEVCO8v+W3TCtA.115","action":"GetUpdates", "result":"DeleteReceived", "context":{"id":"047a446e-63d1-441f-93a4-10931c94a0e6", "isDeleted:":"true", "version":"1732051735037"}}
{"logTime": "1121/172322", "correlationVector":"kZU6CzIznEVCO8v+W3TCtA.116","action":"GetUpdates", "result":"DeleteReceived", "context":{"id":"cd57bc0d-241f-4cd2-a0fb-5de502e9b14d", "isDeleted:":"true", "version":"1732051735038"}}
{"logTime": "1121/172322", "correlationVector":"kZU6CzIznEVCO8v+W3TCtA.117","action":"GetUpdates", "result":"DeleteReceived", "context":{"id":"f8de0c03-4bc7-45d5-a777-17166d54aae4", "isDeleted:":"true", "version":"1732051735039"}}
{"logTime": "1121/172322", "correlationVector":"kZU6CzIznEVCO8v+W3TCtA.118","action":"GetUpdates", "result":"DeleteReceived", "context":{"id":"cae2d7dd-2dec-49f8-a6e6-de8fa9151d36", "isDeleted:":"true", "version":"1732051735040"}}
{"logTime": "1121/172322", "correlationVector":"kZU6CzIznEVCO8v+W3TCtA.119","action":"GetUpdates", "result":"DeleteReceived", "context":{"id":"2f41e7e2-d3b8-4065-b448-b64391add983", "isDeleted:":"true", "version":"1732051735041"}}
{"logTime": "1121/172322", "correlationVector":"kZU6CzIznEVCO8v+W3TCtA.120","action":"GetUpdates", "result":"DeleteReceived", "context":{"id":"d4bba82f-196a-4345-aea9-86b4d82333d6", "isDeleted:":"true", "version":"1732051735042"}}
{"logTime": "1121/172322", "correlationVector":"kZU6CzIznEVCO8v+W3TCtA.121","action":"GetUpdates", "result":"DeleteReceived", "context":{"id":"3c9d3afc-1d67-4196-91f2-7fd3ea5ce576", "isDeleted:":"true", "version":"1732051735043"}}
{"logTime": "1121/172322", "correlationVector":"kZU6CzIznEVCO8v+W3TCtA.122","action":"GetUpdates", "result":"DeleteReceived", "context":{"id":"670e76d1-678d-4c37-bab9-88690227c691", "isDeleted:":"true", "version":"1732051735044"}}
{"logTime": "1121/172322", "correlationVector":"kZU6CzIznEVCO8v+W3TCtA.123","action":"GetUpdates", "result":"DeleteReceived", "context":{"id":"24956fae-b40b-41ec-a43b-6d3f3d0adad3", "isDeleted:":"true", "version":"1732051735045"}}
{"logTime": "1121/172322", "correlationVector":"kZU6CzIznEVCO8v+W3TCtA.124","action":"GetUpdates", "result":"DeleteReceived", "context":{"id":"a57e6d13-bea8-45af-97f6-a84698461962", "isDeleted:":"true", "version":"1732051735046"}}
{"logTime": "1121/172322", "correlationVector":"kZU6CzIznEVCO8v+W3TCtA.125","action":"GetUpdates", "result":"DeleteReceived", "context":{"id":"b67a7863-c1e4-46b7-9dd9-b161c689a787", "isDeleted:":"true", "version":"1732051735047"}}
{"logTime": "1121/172322", "correlationVector":"kZU6CzIznEVCO8v+W3TCtA.126","action":"GetUpdates", "result":"DeleteReceived", "context":{"id":"a67a8042-4869-49da-ae03-c26b4af12bf6", "isDeleted:":"true", "version":"1732051735048"}}
{"logTime": "1121/172322", "correlationVector":"kZU6CzIznEVCO8v+W3TCtA.127","action":"GetUpdates", "result":"DeleteReceived", "context":{"id":"d21a1e15-dc68-4e3c-b694-acec11348829", "isDeleted:":"true", "version":"1732051735049"}}
{"logTime": "1121/172322", "correlationVector":"kZU6CzIznEVCO8v+W3TCtA.128","action":"GetUpdates", "result":"DeleteReceived", "context":{"id":"e714924f-2d36-41e3-bb28-f539773289b1", "isDeleted:":"true", "version":"1732051735050"}}
{"logTime": "1121/172322", "correlationVector":"kZU6CzIznEVCO8v+W3TCtA.129","action":"GetUpdates", "result":"DeleteReceived", "context":{"id":"0d5fc7d0-86fb-4d69-92b3-b4e37aa61f05", "isDeleted:":"true", "version":"1732051735051"}}
{"logTime": "1121/172322", "correlationVector":"kZU6CzIznEVCO8v+W3TCtA.130","action":"GetUpdates", "result":"DeleteReceived", "context":{"id":"4aec371a-c4e8-4889-ac32-66122011b119", "isDeleted:":"true", "version":"1732051735052"}}
{"logTime": "1121/172322", "correlationVector":"kZU6CzIznEVCO8v+W3TCtA.131","action":"GetUpdates", "result":"DeleteReceived", "context":{"id":"d04d0b58-4873-4fc0-9669-5d93686e338c", "isDeleted:":"true", "version":"1732051735053"}}
{"logTime": "1121/172322", "correlationVector":"kZU6CzIznEVCO8v+W3TCtA.132","action":"GetUpdates", "result":"DeleteReceived", "context":{"id":"192cf419-68d3-405d-b1f8-0ff5ecbbc813", "isDeleted:":"true", "version":"1732051735054"}}
{"logTime": "1121/172322", "correlationVector":"kZU6CzIznEVCO8v+W3TCtA.133","action":"GetUpdates", "result":"DeleteReceived", "context":{"id":"6dfd69ff-4ad8-400b-a8d2-98b2eaa819cf", "isDeleted:":"true", "version":"1732051735055"}}
{"logTime": "1121/172322", "correlationVector":"kZU6CzIznEVCO8v+W3TCtA.134","action":"GetUpdates", "result":"DeleteReceived", "context":{"id":"4ef23602-d24b-4dd9-8a0d-3dd2637a5eb3", "isDeleted:":"true", "version":"1732051735056"}}
{"logTime": "1121/172322", "correlationVector":"kZU6CzIznEVCO8v+W3TCtA.135","action":"GetUpdates", "result":"DeleteReceived", "context":{"id":"feb7b5fc-0c7b-4813-b461-448cab7eba4a", "isDeleted:":"true", "version":"1732051735057"}}
{"logTime": "1121/172322", "correlationVector":"kZU6CzIznEVCO8v+W3TCtA.136","action":"GetUpdates", "result":"DeleteReceived", "context":{"id":"d4cef58a-c764-4c6f-93b7-dcd861e35a3d", "isDeleted:":"true", "version":"1732051735058"}}
{"logTime": "1121/172322", "correlationVector":"kZU6CzIznEVCO8v+W3TCtA.137","action":"GetUpdates", "result":"DeleteReceived", "context":{"id":"bee55a52-05c5-40c1-9106-ab073093170d", "isDeleted:":"true", "version":"1732051735059"}}
{"logTime": "1121/172322", "correlationVector":"kZU6CzIznEVCO8v+W3TCtA.138","action":"GetUpdates", "result":"DeleteReceived", "context":{"id":"c21300d2-f990-403f-b70f-8baad8ba1896", "isDeleted:":"true", "version":"1732051735060"}}
{"logTime": "1121/172322", "correlationVector":"kZU6CzIznEVCO8v+W3TCtA.139","action":"GetUpdates", "result":"DeleteReceived", "context":{"id":"69ec8710-49cb-4463-b000-263e2f5a4591", "isDeleted:":"true", "version":"1732051735061"}}
{"logTime": "1121/172322", "correlationVector":"kZU6CzIznEVCO8v+W3TCtA.140","action":"GetUpdates", "result":"DeleteReceived", "context":{"id":"36cc94d6-1279-4b2f-a869-805d5c2a6ae7", "isDeleted:":"true", "version":"1732051735062"}}
{"logTime": "1121/172322", "correlationVector":"kZU6CzIznEVCO8v+W3TCtA.141","action":"GetUpdates", "result":"DeleteReceived", "context":{"id":"1cf11b3d-81ef-4204-8c50-9f9c064a4c73", "isDeleted:":"true", "version":"1732051735063"}}
{"logTime": "1121/172322", "correlationVector":"kZU6CzIznEVCO8v+W3TCtA.142","action":"GetUpdates", "result":"DeleteReceived", "context":{"id":"55d1c432-55a2-424c-81af-a2c61a462618", "isDeleted:":"true", "version":"1732051735064"}}
{"logTime": "1121/172322", "correlationVector":"kZU6CzIznEVCO8v+W3TCtA.143","action":"GetUpdates", "result":"DeleteReceived", "context":{"id":"0b8bb79c-62ce-423c-8c80-6351713fe501", "isDeleted:":"true", "version":"1732051735065"}}
{"logTime": "1121/172322", "correlationVector":"kZU6CzIznEVCO8v+W3TCtA.144","action":"GetUpdates", "result":"DeleteReceived", "context":{"id":"23759242-96c6-4a5b-9873-e5467e1d3da9", "isDeleted:":"true", "version":"1732051735066"}}
{"logTime": "1121/172322", "correlationVector":"kZU6CzIznEVCO8v+W3TCtA.145","action":"GetUpdates", "result":"DeleteReceived", "context":{"id":"ff7f8ae4-935b-49e6-9f24-00496519ecc2", "isDeleted:":"true", "version":"1732085422361"}}
{"logTime": "1121/172322", "correlationVector":"kZU6CzIznEVCO8v+W3TCtA.146","action":"GetUpdates", "result":"DeleteReceived", "context":{"id":"1350e40f-9b4f-46a0-b545-dc5481a94c8b", "isDeleted:":"true", "version":"1732085422362"}}
{"logTime": "1121/172322", "correlationVector":"kZU6CzIznEVCO8v+W3TCtA.147","action":"GetUpdates", "result":"DeleteReceived", "context":{"id":"89212e83-712d-4b18-b60c-128d28fb94f0", "isDeleted:":"true", "version":"1732085422363"}}
{"logTime": "1121/172322", "correlationVector":"kZU6CzIznEVCO8v+W3TCtA.148","action":"GetUpdates", "result":"DeleteReceived", "context":{"id":"41fd0ca1-ec3c-445c-a948-7d9befd6a96e", "isDeleted:":"true", "version":"1732131684277"}}
{"logTime": "1121/172322", "correlationVector":"kZU6CzIznEVCO8v+W3TCtA.149","action":"GetUpdates", "result":"DeleteReceived", "context":{"id":"7be275ad-c77a-4caa-a149-10a936a73557", "isDeleted:":"true", "version":"1732131684278"}}
{"logTime": "1121/172322", "correlationVector":"kZU6CzIznEVCO8v+W3TCtA.150","action":"GetUpdates", "result":"DeleteReceived", "context":{"id":"073fde9f-7106-49cc-9db2-900c0b9a5b39", "isDeleted:":"true", "version":"1732131684279"}}
{"logTime": "1121/172322", "correlationVector":"kZU6CzIznEVCO8v+W3TCtA.151","action":"GetUpdates", "result":"DeleteReceived", "context":{"id":"9eee7f00-360c-42de-839b-184a338e4d34", "isDeleted:":"true", "version":"1732131684280"}}
{"logTime": "1121/172322", "correlationVector":"kZU6CzIznEVCO8v+W3TCtA.152","action":"GetUpdates", "result":"DeleteReceived", "context":{"id":"880871fb-56e7-43ca-b963-1566c1bc022d", "isDeleted:":"true", "version":"1732131684281"}}
{"logTime": "1121/172322", "correlationVector":"kZU6CzIznEVCO8v+W3TCtA.153","action":"GetUpdates", "result":"DeleteReceived", "context":{"id":"e74932d7-e770-4d9e-a22b-a81dc38f4ce1", "isDeleted:":"true", "version":"1732131684282"}}
{"logTime": "1121/172322", "correlationVector":"kZU6CzIznEVCO8v+W3TCtA.154","action":"GetUpdates", "result":"DeleteReceived", "context":{"id":"0d9e6298-8204-4d0d-a361-0d7800c105b9", "isDeleted:":"true", "version":"1732131684283"}}
{"logTime": "1121/172322", "correlationVector":"kZU6CzIznEVCO8v+W3TCtA.155","action":"GetUpdates", "result":"DeleteReceived", "context":{"id":"08cd8b02-92fa-4e7a-8b5a-12e56623ac4a", "isDeleted:":"true", "version":"1732131684284"}}
{"logTime": "1121/172322", "correlationVector":"kZU6CzIznEVCO8v+W3TCtA.156","action":"GetUpdates", "result":"DeleteReceived", "context":{"id":"46d4568b-f549-453e-982c-abb5395c2f19", "isDeleted:":"true", "version":"1732131684285"}}
{"logTime": "1121/172322", "correlationVector":"kZU6CzIznEVCO8v+W3TCtA.157","action":"GetUpdates", "result":"DeleteReceived", "context":{"id":"3b88cd99-6023-4616-b4e7-f1f76901d87e", "isDeleted:":"true", "version":"1732131684286"}}
{"logTime": "1121/172322", "correlationVector":"kZU6CzIznEVCO8v+W3TCtA.158","action":"GetUpdates", "result":"DeleteReceived", "context":{"id":"5a0eccf8-02a3-49c0-ac1d-669f4a21c662", "isDeleted:":"true", "version":"1732131684287"}}
{"logTime": "1121/172322", "correlationVector":"kZU6CzIznEVCO8v+W3TCtA.159","action":"GetUpdates", "result":"DeleteReceived", "context":{"id":"4339985b-dc13-4cb8-9156-c8d4fcd78e8e", "isDeleted:":"true", "version":"1732131684288"}}
{"logTime": "1121/172322", "correlationVector":"kZU6CzIznEVCO8v+W3TCtA.160","action":"GetUpdates", "result":"DeleteReceived", "context":{"id":"1d58b3e7-5afa-4210-b477-e6b3949f167f", "isDeleted:":"true", "version":"1732131684289"}}
{"logTime": "1121/172322", "correlationVector":"kZU6CzIznEVCO8v+W3TCtA.161","action":"GetUpdates", "result":"DeleteReceived", "context":{"id":"d7f1ccfa-0da5-44f1-bd96-8f51dc43844b", "isDeleted:":"true", "version":"1732131684290"}}
{"logTime": "1121/172322", "correlationVector":"kZU6CzIznEVCO8v+W3TCtA.162","action":"GetUpdates", "result":"DeleteReceived", "context":{"id":"d43573e9-9686-4184-9ba2-8d3b9af6f81e", "isDeleted:":"true", "version":"1732204127767"}}
{"logTime": "1121/172322", "correlationVector":"kZU6CzIznEVCO8v+W3TCtA.163","action":"GetUpdates", "result":"DeleteReceived", "context":{"id":"9fd9fa96-6982-4440-9b18-c619ccd4eb5f", "isDeleted:":"true", "version":"1732204127768"}}
{"logTime": "1121/172322", "correlationVector":"kZU6CzIznEVCO8v+W3TCtA.164","action":"GetUpdates", "result":"DeleteReceived", "context":{"id":"18319de1-478e-4bd4-b914-08b154726d8f", "isDeleted:":"true", "version":"1732204127769"}}
{"logTime": "1121/172322", "correlationVector":"kZU6CzIznEVCO8v+W3TCtA.165","action":"GetUpdates", "result":"DeleteReceived", "context":{"id":"e460f6d4-fa4d-4753-9f84-b32d7f424d2c", "isDeleted:":"true", "version":"1732204127770"}}
{"logTime": "1121/172322", "correlationVector":"kZU6CzIznEVCO8v+W3TCtA.166","action":"GetUpdates", "result":"DeleteReceived", "context":{"id":"d83823b9-4aba-4f71-abf4-95f95fbd87af", "isDeleted:":"true", "version":"1732204127771"}}
{"logTime": "1121/172322", "correlationVector":"kZU6CzIznEVCO8v+W3TCtA.167","action":"GetUpdates", "result":"DeleteReceived", "context":{"id":"307ff010-ba82-4cb0-a85a-1f201c249e4f", "isDeleted:":"true", "version":"1732204127772"}}
{"logTime": "1121/172322", "correlationVector":"kZU6CzIznEVCO8v+W3TCtA.168","action":"GetUpdates", "result":"DeleteReceived", "context":{"id":"6b859844-2e1b-436b-986f-62a142fb1bde", "isDeleted:":"true", "version":"1732204127773"}}
{"logTime": "1121/172322", "correlationVector":"kZU6CzIznEVCO8v+W3TCtA.169","action":"GetUpdates", "result":"DeleteReceived", "context":{"id":"f1577fa4-0ff1-4ba0-bedc-7f20ca4113b9", "isDeleted:":"true", "version":"1732204127774"}}
{"logTime": "1121/172322", "correlationVector":"kZU6CzIznEVCO8v+W3TCtA.170","action":"GetUpdates", "result":"DeleteReceived", "context":{"id":"075f9421-f50a-419b-a7bd-0c39e47e976c", "isDeleted:":"true", "version":"1732204127775"}}
{"logTime": "1121/172322", "correlationVector":"kZU6CzIznEVCO8v+W3TCtA.171","action":"GetUpdates", "result":"DeleteReceived", "context":{"id":"f3d20af4-51e7-4c96-96a4-7fffc6ec3db9", "isDeleted:":"true", "version":"1732204127776"}}
{"logTime": "1121/172322", "correlationVector":"kZU6CzIznEVCO8v+W3TCtA.172","action":"GetUpdates", "result":"DeleteReceived", "context":{"id":"2cab5c4e-92b7-4dd1-83c7-7d8d0b4c071c", "isDeleted:":"true", "version":"1732204127777"}}
{"logTime": "1121/172322", "correlationVector":"kZU6CzIznEVCO8v+W3TCtA.173","action":"GetUpdates", "result":"DeleteReceived", "context":{"id":"3797151a-7bf6-490c-8ea5-38f44e72546d", "isDeleted:":"true", "version":"1732204127778"}}
{"logTime": "1121/172322", "correlationVector":"kZU6CzIznEVCO8v+W3TCtA.174","action":"GetUpdates", "result":"DeleteReceived", "context":{"id":"61499daa-ef48-4976-be76-d023f470952e", "isDeleted:":"true", "version":"1732204127779"}}
{"logTime": "1121/172322", "correlationVector":"kZU6CzIznEVCO8v+W3TCtA.175","action":"GetUpdates Response", "result":"Success", "context":Received 250 update(s). cV=kZU6CzIznEVCO8v+W3TCtA.0;server=GENERAL0100001G;cloudType=Consumer;environment=Prod_EastAsia_000d;migrationStage=NotStarted Some updates remain.}
{"logTime": "1121/172322", "correlationVector":"F6887s1gmE443e7YS9a6pH","action":"Initial GetUpdates", "result":"", "context":Reason: NEWLY_SUPPORTED_DATATYPE. cV=F6887s1gmE443e7YS9a6pH}
{"logTime": "1121/172323", "correlationVector":"F6887s1gmE443e7YS9a6pH.1","action":"SyncServerConnectionManagerRequest", "result":"SYNC_SERVER_OK", "context":{"environment":"Prod_EastAsia_000d", "migrationStage":"NotStarted", "server":"GENERAL0100001Z"}}
{"logTime": "1121/172323", "correlationVector":"F6887s1gmE443e7YS9a6pH.2","action":"GetUpdates", "result":"DeleteReceived", "context":{"id":"9f141e0c-3757-400d-822e-6acd756dd52e", "isDeleted:":"true", "version":"1732205070730"}}
{"logTime": "1121/172323", "correlationVector":"F6887s1gmE443e7YS9a6pH.3","action":"GetUpdates", "result":"DeleteReceived", "context":{"id":"645b4a00-2107-4b01-bfc2-5654f2d7a088", "isDeleted:":"true", "version":"1732207607100"}}
{"logTime": "1121/172323", "correlationVector":"F6887s1gmE443e7YS9a6pH.4","action":"GetUpdates", "result":"DeleteReceived", "context":{"id":"11692a5e-0eb0-44af-96c0-1bcc51b334c7", "isDeleted:":"true", "version":"1732207684961"}}
{"logTime": "1121/172323", "correlationVector":"F6887s1gmE443e7YS9a6pH.5","action":"GetUpdates", "result":"DeleteReceived", "context":{"id":"c927edbd-1fc3-4bfb-ad72-02a84ec62cc8", "isDeleted:":"true", "version":"1732207797320"}}
{"logTime": "1121/172323", "correlationVector":"F6887s1gmE443e7YS9a6pH.6","action":"GetUpdates", "result":"DeleteReceived", "context":{"id":"90600954-12e0-48be-8ff2-d20b6f465b55", "isDeleted:":"true", "version":"1732207817611"}}
{"logTime": "1121/172323", "correlationVector":"F6887s1gmE443e7YS9a6pH.7","action":"GetUpdates", "result":"DeleteReceived", "context":{"id":"d314bf61-7b92-417f-b445-bc7cc2a40e52", "isDeleted:":"true", "version":"1732207936622"}}
{"logTime": "1121/172323", "correlationVector":"F6887s1gmE443e7YS9a6pH.8","action":"GetUpdates", "result":"DeleteReceived", "context":{"id":"c8865f41-1d09-49d3-9fa0-865d9731f625", "isDeleted:":"true", "version":"1732208232978"}}
{"logTime": "1121/172323", "correlationVector":"F6887s1gmE443e7YS9a6pH.9","action":"GetUpdates", "result":"DeleteReceived", "context":{"id":"c1215484-9abb-4dd3-a1df-1a6aa9366340", "isDeleted:":"true", "version":"1732208610906"}}
{"logTime": "1121/172323", "correlationVector":"F6887s1gmE443e7YS9a6pH.10","action":"GetUpdates", "result":"DeleteReceived", "context":{"id":"39ac9a56-9fba-43c2-9602-bb62951ae9f0", "isDeleted:":"true", "version":"1732209583730"}}
{"logTime": "1121/172323", "correlationVector":"F6887s1gmE443e7YS9a6pH.11","action":"GetUpdates", "result":"DeleteReceived", "context":{"id":"9b884e5a-fa56-48ad-8118-d55d4118ccf1", "isDeleted:":"true", "version":"1732209583732"}}
{"logTime": "1121/172323", "correlationVector":"F6887s1gmE443e7YS9a6pH.12","action":"GetUpdates", "result":"DeleteReceived", "context":{"id":"1bc73934-88d8-43c8-9f98-f86e3f461ae4", "isDeleted:":"true", "version":"1732209583733"}}
{"logTime": "1121/172323", "correlationVector":"F6887s1gmE443e7YS9a6pH.13","action":"GetUpdates", "result":"DeleteReceived", "context":{"id":"f52133d3-b29b-4418-8f37-b7571800493d", "isDeleted:":"true", "version":"1732209585390"}}
{"logTime": "1121/172323", "correlationVector":"F6887s1gmE443e7YS9a6pH.14","action":"GetUpdates", "result":"DeleteReceived", "context":{"id":"e4754034-d644-4f64-88fd-0ae07119a7ab", "isDeleted:":"true", "version":"1732204127780"}}
{"logTime": "1121/172323", "correlationVector":"F6887s1gmE443e7YS9a6pH.15","action":"GetUpdates", "result":"DeleteReceived", "context":{"id":"fe6facc2-e45c-4e00-b5fc-848465404446", "isDeleted:":"true", "version":"1732204127781"}}
{"logTime": "1121/172323", "correlationVector":"F6887s1gmE443e7YS9a6pH.16","action":"GetUpdates", "result":"DeleteReceived", "context":{"id":"fed0eafb-8d9f-4d15-a396-e36e1b51e5fb", "isDeleted:":"true", "version":"1732204127782"}}
{"logTime": "1121/172323", "correlationVector":"F6887s1gmE443e7YS9a6pH.17","action":"GetUpdates", "result":"DeleteReceived", "context":{"id":"1de6dde8-8aac-447e-9826-80334d3a5ead", "isDeleted:":"true", "version":"1732204127783"}}
{"logTime": "1121/172323", "correlationVector":"F6887s1gmE443e7YS9a6pH.18","action":"GetUpdates", "result":"DeleteReceived", "context":{"id":"d670fb36-185b-425c-93c5-f2199b38d42a", "isDeleted:":"true", "version":"1732204127784"}}
{"logTime": "1121/172323", "correlationVector":"F6887s1gmE443e7YS9a6pH.19","action":"GetUpdates", "result":"DeleteReceived", "context":{"id":"bf305602-e9e2-4639-84d0-460400234c02", "isDeleted:":"true", "version":"1732204127785"}}
{"logTime": "1121/172323", "correlationVector":"F6887s1gmE443e7YS9a6pH.20","action":"GetUpdates", "result":"DeleteReceived", "context":{"id":"b8559261-eec7-49cc-b9d7-e63349093d43", "isDeleted:":"true", "version":"1732204127786"}}
{"logTime": "1121/172323", "correlationVector":"F6887s1gmE443e7YS9a6pH.21","action":"GetUpdates", "result":"DeleteReceived", "context":{"id":"b42d4256-35d4-4ab6-94e3-02cf4dc9f90d", "isDeleted:":"true", "version":"1732204127787"}}
{"logTime": "1121/172323", "correlationVector":"F6887s1gmE443e7YS9a6pH.22","action":"GetUpdates Response", "result":"Success", "context":Received 41 update(s). cV=F6887s1gmE443e7YS9a6pH.0;server=GENERAL0100001Z;cloudType=Consumer;environment=Prod_EastAsia_000d;migrationStage=NotStarted}
{"logTime": "1121/172323", "correlationVector":"0b3jT1+dzRE70Ns7UpqQ/s","action":"Normal GetUpdate request", "result":"", "context":cV=0b3jT1+dzRE70Ns7UpqQ/s
Nudged types: Preferences, Typed URLs, Sessions, Device Info, User Consents
Refresh requested types: Bookmarks, Preferences, Passwords, Autofill Profiles, Autofill, Typed URLs, Extensions, Sessions, Extension settings, History Delete Directives, Device Info, User Consents, Send Tab To Self, Web Apps, Collection, Edge E Drop, Edge Hub App Usage, Edge Tab Group, Edge Wallet, Encryption Keys}
{"logTime": "1121/172323", "correlationVector":"0b3jT1+dzRE70Ns7UpqQ/s.1","action":"SyncServerConnectionManagerRequest", "result":"SYNC_SERVER_OK", "context":{"environment":"Prod_EastAsia_000d", "migrationStage":"NotStarted", "server":"GENERAL0100000O"}}
{"logTime": "1121/172323", "correlationVector":"0b3jT1+dzRE70Ns7UpqQ/s.2","action":"GetUpdates Response", "result":"Success", "context":Received 0 update(s). cV=0b3jT1+dzRE70Ns7UpqQ/s.0;server=GENERAL0100000O;cloudType=Consumer;environment=Prod_EastAsia_000d;migrationStage=NotStarted}
{"logTime": "1121/172323", "correlationVector":"gK1i/vc5UbmqbB47gPmQdP","action":"Commit Request", "result":"", "context":Item count: 8
Contributing types: Preferences, Typed URLs, Sessions, Device Info, User Consents}
{"logTime": "1121/172324", "correlationVector":"gK1i/vc5UbmqbB47gPmQdP.1","action":"SyncServerConnectionManagerRequest", "result":"SYNC_SERVER_OK", "context":{"environment":"Prod_EastAsia_000d", "migrationStage":"NotStarted", "server":"GENERAL0100000M"}}
{"logTime": "1121/172324", "correlationVector":"gK1i/vc5UbmqbB47gPmQdP.2","action":"Commit Response", "result":"Success", "context":Result: Success. cV=gK1i/vc5UbmqbB47gPmQdP.0;server=GENERAL0100000M;cloudType=Consumer;environment=Prod_EastAsia_000d;migrationStage=NotStarted}
{"logTime": "1121/172452", "correlationVector":"tew4+gD9D9wGXvvWfSG/SO","action":"Commit Request", "result":"", "context":Item count: 1
Contributing types: Sessions}
{"logTime": "1121/172452", "correlationVector":"tew4+gD9D9wGXvvWfSG/SO.1","action":"SyncServerConnectionManagerRequest", "result":"SYNC_SERVER_OK", "context":{"environment":"Prod_EastAsia_000d", "migrationStage":"NotStarted", "server":"GENERAL01000027"}}
{"logTime": "1121/172452", "correlationVector":"tew4+gD9D9wGXvvWfSG/SO.2","action":"Commit Response", "result":"Success", "context":Result: Success. cV=tew4+gD9D9wGXvvWfSG/SO.0;server=GENERAL01000027;cloudType=Consumer;environment=Prod_EastAsia_000d;migrationStage=NotStarted}
{"logTime": "1121/172759", "correlationVector":"5fwQYEQge3zr5Kcbi2Q4kc","action":"Normal GetUpdate request", "result":"", "context":cV=5fwQYEQge3zr5Kcbi2Q4kc
Refresh requested types: Bookmarks, Preferences, Passwords, Autofill Profiles, Autofill, Typed URLs, Extensions, Sessions, Extension settings, History Delete Directives, Device Info, User Consents, Send Tab To Self, Web Apps, Collection, Edge E Drop, Edge Hub App Usage, Edge Tab Group, Edge Wallet, Encryption Keys}
{"logTime": "1121/172800", "correlationVector":"5fwQYEQge3zr5Kcbi2Q4kc.1","action":"SyncServerConnectionManagerRequest", "result":"SYNC_SERVER_OK", "context":{"environment":"Prod_EastAsia_000d", "migrationStage":"NotStarted", "server":"GENERAL0100001M"}}
{"logTime": "1121/172800", "correlationVector":"5fwQYEQge3zr5Kcbi2Q4kc.2","action":"GetUpdates Response", "result":"Success", "context":Received 6 update(s). cV=5fwQYEQge3zr5Kcbi2Q4kc.0;server=GENERAL0100001M;cloudType=Consumer;environment=Prod_EastAsia_000d;migrationStage=NotStarted}
{"logTime": "1121/172800", "correlationVector":"KypdimZLWM5qGsNNy6UOGh","action":"DoCompareDataConsistency requsted types: ", "result":"Bookmarks, Preferences, Passwords, Typed URLs, Extensions, Extension settings, History Delete Directives, Send Tab To Self, Web Apps, Collection, Edge E Drop, Edge Tab Group, Edge Wallet, Encryption Keys"}
{"logTime": "1121/172800", "correlationVector":"KypdimZLWM5qGsNNy6UOGh.0","action":"CompareDataConsistency result: ", "result":"Compare result: Encryption Keys is consistent. local entities count is: 1 local entities hash is: v4ADodsfyan1y8hBEuTxufO4w8U="}
{"logTime": "1121/172800", "correlationVector":"KypdimZLWM5qGsNNy6UOGh.1","action":"CompareDataConsistency result: ", "result":"Compare result: Bookmarks is consistent. local entities count is: 53 local entities hash is: Yf5QuzRHuv3npJoGQZshSvJqPkQ="}
{"logTime": "1121/172800", "correlationVector":"KypdimZLWM5qGsNNy6UOGh.2","action":"CompareDataConsistency result: ", "result":"Compare result: Preferences is consistent. local entities count is: 125 local entities hash is: C06JJQuVzpGqYZKU2H8VjdPXwzg="}
{"logTime": "1121/172800", "correlationVector":"KypdimZLWM5qGsNNy6UOGh.3","action":"CompareDataConsistency result: ", "result":"Server did not send this Typed URLs local entities count is: 45 local entities hash is: CD79fIk3NBumJ6e4Jf7OmFDQl4Q="}
{"logTime": "1121/172800", "correlationVector":"KypdimZLWM5qGsNNy6UOGh.4","action":"CompareDataConsistency result: ", "result":"Compare result: Extensions is consistent. local entities count is: 7 local entities hash is: VSjRWOTWECYcU43EONddQtOkKqc="}
{"logTime": "1121/172800", "correlationVector":"KypdimZLWM5qGsNNy6UOGh.5","action":"CompareDataConsistency result: ", "result":"Compare result: Extension settings is consistent. local entities count is: 5 local entities hash is: 0F5CHdfaPY3pxvQoAjiguWZt9eM="}
{"logTime": "1121/172800", "correlationVector":"KypdimZLWM5qGsNNy6UOGh.6","action":"CompareDataConsistency result: ", "result":"Compare result: History Delete Directives is consistent. local entities count is: 0 local entities hash is: "}
{"logTime": "1121/172800", "correlationVector":"KypdimZLWM5qGsNNy6UOGh.7","action":"CompareDataConsistency result: ", "result":"Server did not send this Send Tab To Self local entities count is: 0 local entities hash is: "}
{"logTime": "1121/172800", "correlationVector":"KypdimZLWM5qGsNNy6UOGh.8","action":"CompareDataConsistency result: ", "result":"Compare result: Web Apps is consistent. local entities count is: 2 local entities hash is: NpMPlHXbMeV4zu3jUSdm7cFDU60="}
{"logTime": "1121/172800", "correlationVector":"KypdimZLWM5qGsNNy6UOGh.9","action":"CompareDataConsistency result: ", "result":"Compare result: Collection is consistent. local entities count is: 0 local entities hash is: "}
{"logTime": "1121/172800", "correlationVector":"KypdimZLWM5qGsNNy6UOGh.10","action":"CompareDataConsistency result: ", "result":"Compare result: Edge E Drop is consistent. local entities count is: 0 local entities hash is: "}
{"logTime": "1121/172800", "correlationVector":"KypdimZLWM5qGsNNy6UOGh.11","action":"CompareDataConsistency result: ", "result":"Compare result: Edge Tab Group is consistent. local entities count is: 2 local entities hash is: p2T6yXHf9YrQ73xd47p1JdVuTrM="}
{"logTime": "1121/172800", "correlationVector":"KypdimZLWM5qGsNNy6UOGh.12","action":"CompareDataConsistency result: ", "result":"Compare result: Edge Wallet is consistent. local entities count is: 0 local entities hash is: "}
{"logTime": "1121/172800", "correlationVector":"KypdimZLWM5qGsNNy6UOGh.13","action":"CompareDataConsistency result: ", "result":"Compare result: Passwords is consistent. local entities count is: 169 local entities hash is: HIo2kp6BlXgGr5cI9TapAmRXScA="}
{"logTime": "1121/172800", "correlationVector":"","action":"DIAGNOSTIC_REQUEST|v1/diagnosticData/Diagnostic.SendCheckResult()|SUCCESS", "result":""}
{"logTime": "1121/172902", "correlationVector":"D110yRiU8+VykQz16+EGZ9","action":"Commit Request", "result":"", "context":Item count: 1
Contributing types: Sessions}
{"logTime": "1121/172903", "correlationVector":"D110yRiU8+VykQz16+EGZ9.1","action":"SyncServerConnectionManagerRequest", "result":"SYNC_SERVER_OK", "context":{"environment":"Prod_EastAsia_000d", "migrationStage":"NotStarted", "server":"GENERAL0100001U"}}
{"logTime": "1121/172903", "correlationVector":"D110yRiU8+VykQz16+EGZ9.2","action":"Commit Response", "result":"Success", "context":Result: Success. cV=D110yRiU8+VykQz16+EGZ9.0;server=GENERAL0100001U;cloudType=Consumer;environment=Prod_EastAsia_000d;migrationStage=NotStarted}
{"logTime": "1121/172940", "correlationVector":"VqCqWm4jUsnnAlAllvJ72R","action":"Commit Request", "result":"", "context":Item count: 1
Contributing types: Sessions}
{"logTime": "1121/172941", "correlationVector":"VqCqWm4jUsnnAlAllvJ72R.1","action":"SyncServerConnectionManagerRequest", "result":"SYNC_SERVER_OK", "context":{"environment":"Prod_EastAsia_000d", "migrationStage":"NotStarted", "server":"GENERAL0100001X"}}
{"logTime": "1121/172941", "correlationVector":"VqCqWm4jUsnnAlAllvJ72R.2","action":"Commit Response", "result":"Success", "context":Result: Success. cV=VqCqWm4jUsnnAlAllvJ72R.0;server=GENERAL0100001X;cloudType=Consumer;environment=Prod_EastAsia_000d;migrationStage=NotStarted}
{"logTime": "1121/173158", "correlationVector":"iclFXveUNohiMHXPhgW7Cn","action":"Commit Request", "result":"", "context":Item count: 1
Contributing types: Sessions}
{"logTime": "1121/173158", "correlationVector":"iclFXveUNohiMHXPhgW7Cn.1","action":"SyncServerConnectionManagerRequest", "result":"SYNC_SERVER_OK", "context":{"environment":"Prod_EastAsia_000d", "migrationStage":"NotStarted", "server":"GENERAL01000002"}}
{"logTime": "1121/173158", "correlationVector":"iclFXveUNohiMHXPhgW7Cn.2","action":"Commit Response", "result":"Success", "context":Result: Success. cV=iclFXveUNohiMHXPhgW7Cn.0;server=GENERAL01000002;cloudType=Consumer;environment=Prod_EastAsia_000d;migrationStage=NotStarted}
{"logTime": "1121/173234", "correlationVector":"c002pibadwPIPynDyUYcJH","action":"Commit Request", "result":"", "context":Item count: 1
Contributing types: Sessions}
{"logTime": "1121/173234", "correlationVector":"c002pibadwPIPynDyUYcJH.1","action":"SyncServerConnectionManagerRequest", "result":"SYNC_SERVER_OK", "context":{"environment":"Prod_EastAsia_000d", "migrationStage":"NotStarted", "server":"GENERAL01000015"}}
{"logTime": "1121/173234", "correlationVector":"c002pibadwPIPynDyUYcJH.2","action":"Commit Response", "result":"Success", "context":Result: Success. cV=c002pibadwPIPynDyUYcJH.0;server=GENERAL01000015;cloudType=Consumer;environment=Prod_EastAsia_000d;migrationStage=NotStarted}
{"logTime": "1121/173355", "correlationVector":"xq+iCfsd/1amSnNCAp08l2","action":"Commit Request", "result":"", "context":Item count: 1
Contributing types: Sessions}
{"logTime": "1121/173356", "correlationVector":"xq+iCfsd/1amSnNCAp08l2.1","action":"SyncServerConnectionManagerRequest", "result":"SYNC_SERVER_OK", "context":{"environment":"Prod_EastAsia_000d", "migrationStage":"NotStarted", "server":"GENERAL0100001S"}}
{"logTime": "1121/173356", "correlationVector":"xq+iCfsd/1amSnNCAp08l2.2","action":"Commit Response", "result":"Success", "context":Result: Success. cV=xq+iCfsd/1amSnNCAp08l2.0;server=GENERAL0100001S;cloudType=Consumer;environment=Prod_EastAsia_000d;migrationStage=NotStarted}
{"logTime": "1121/173434", "correlationVector":"KQ5g/NPsfXF9twpLle6hbp","action":"Commit Request", "result":"", "context":Item count: 1
Contributing types: Sessions}
{"logTime": "1121/173435", "correlationVector":"KQ5g/NPsfXF9twpLle6hbp.1","action":"SyncServerConnectionManagerRequest", "result":"SYNC_SERVER_OK", "context":{"environment":"Prod_EastAsia_000d", "migrationStage":"NotStarted", "server":"GENERAL0100001L"}}
{"logTime": "1121/173435", "correlationVector":"KQ5g/NPsfXF9twpLle6hbp.2","action":"Commit Response", "result":"Success", "context":Result: Success. cV=KQ5g/NPsfXF9twpLle6hbp.0;server=GENERAL0100001L;cloudType=Consumer;environment=Prod_EastAsia_000d;migrationStage=NotStarted}
{"logTime": "1121/173642", "correlationVector":"r3o0jRLNrIEQUNehn3T333","action":"Commit Request", "result":"", "context":Item count: 1
Contributing types: Sessions}
{"logTime": "1121/173642", "correlationVector":"r3o0jRLNrIEQUNehn3T333.1","action":"SyncServerConnectionManagerRequest", "result":"SYNC_SERVER_OK", "context":{"environment":"Prod_EastAsia_000d", "migrationStage":"NotStarted", "server":"GENERAL0100001U"}}
{"logTime": "1121/173642", "correlationVector":"r3o0jRLNrIEQUNehn3T333.2","action":"Commit Response", "result":"Success", "context":Result: Success. cV=r3o0jRLNrIEQUNehn3T333.0;server=GENERAL0100001U;cloudType=Consumer;environment=Prod_EastAsia_000d;migrationStage=NotStarted}
{"logTime": "1121/173722", "correlationVector":"gPLu5gH7YapinfU6q+aWQY","action":"Commit Request", "result":"", "context":Item count: 2
Contributing types: Preferences, Edge Hub App Usage}
{"logTime": "1121/173723", "correlationVector":"gPLu5gH7YapinfU6q+aWQY.1","action":"SyncServerConnectionManagerRequest", "result":"SYNC_SERVER_OK", "context":{"environment":"Prod_EastAsia_000d", "migrationStage":"NotStarted", "server":"GENERAL0100001L"}}
{"logTime": "1121/173723", "correlationVector":"gPLu5gH7YapinfU6q+aWQY.2","action":"Commit Response", "result":"Success", "context":Result: Success. cV=gPLu5gH7YapinfU6q+aWQY.0;server=GENERAL0100001L;cloudType=Consumer;environment=Prod_EastAsia_000d;migrationStage=NotStarted}
{"logTime": "1121/173823", "correlationVector":"qW8cfNN6kiigwkjDB5uZbV","action":"Commit Request", "result":"", "context":Item count: 1
Contributing types: Edge Hub App Usage}
{"logTime": "1121/173823", "correlationVector":"qW8cfNN6kiigwkjDB5uZbV.1","action":"SyncServerConnectionManagerRequest", "result":"SYNC_SERVER_OK", "context":{"environment":"Prod_EastAsia_000d", "migrationStage":"NotStarted", "server":"GENERAL0100001N"}}
{"logTime": "1121/173823", "correlationVector":"qW8cfNN6kiigwkjDB5uZbV.2","action":"Commit Response", "result":"Success", "context":Result: Success. cV=qW8cfNN6kiigwkjDB5uZbV.0;server=GENERAL0100001N;cloudType=Consumer;environment=Prod_EastAsia_000d;migrationStage=NotStarted}
{"logTime": "1121/174301", "correlationVector":"MOG1/GrGY4m8PgFZsZerEM.1","action":"SyncServerConnectionManagerRequest", "result":"SYNC_SERVER_OK", "context":{"environment":"Prod_EastAsia_000d", "migrationStage":"NotStarted", "server":"GENERAL01000021"}}
{"logTime": "1121/174301", "correlationVector":"Pbnv0vGxLmTnL3HAhvllUa","action":"SyncServerConnectionManagerRequest", "result":"SYNC_SERVER_OK", "context":{"environment":"", "migrationStage":"", "server":""}}
{"logTime": "1121/174301", "correlationVector":"MOG1/GrGY4m8PgFZsZerEM","action":"Initial GetUpdates", "result":"", "context":Reason: NEW_CLIENT. cV=MOG1/GrGY4m8PgFZsZerEM}
{"logTime": "1121/174301", "correlationVector":"MOG1/GrGY4m8PgFZsZerEM.2","action":"GetUpdates Response", "result":"Success", "context":Received 1 update(s). cV=MOG1/GrGY4m8PgFZsZerEM.0;server=GENERAL01000021;cloudType=Consumer;environment=Prod_EastAsia_000d;migrationStage=NotStarted}
{"logTime": "1121/174301", "correlationVector":"YMNQ/hBT+g01KWMOlyPzZq","action":"Initial GetUpdates", "result":"", "context":Reason: NEWLY_SUPPORTED_DATATYPE. cV=YMNQ/hBT+g01KWMOlyPzZq}
{"logTime": "1121/174302", "correlationVector":"YMNQ/hBT+g01KWMOlyPzZq.1","action":"SyncServerConnectionManagerRequest", "result":"SYNC_SERVER_OK", "context":{"environment":"Prod_EastAsia_000d", "migrationStage":"NotStarted", "server":"GENERAL0100001G"}}
{"logTime": "1121/174302", "correlationVector":"YMNQ/hBT+g01KWMOlyPzZq.2","action":"GetUpdates", "result":"DeleteReceived", "context":{"id":"2001a010-2194-4bd5-9015-1b845d6a4849", "isDeleted:":"true", "version":"1705222676142"}}
{"logTime": "1121/174302", "correlationVector":"YMNQ/hBT+g01KWMOlyPzZq.3","action":"GetUpdates", "result":"DeleteReceived", "context":{"id":"21fe98d8-1d19-4608-8d24-6d80e04901d5", "isDeleted:":"true", "version":"1705222694034"}}
{"logTime": "1121/174302", "correlationVector":"YMNQ/hBT+g01KWMOlyPzZq.4","action":"GetUpdates", "result":"DeleteReceived", "context":{"id":"5d8fff19-1cbf-4c04-8ca0-9a5aa71f0ca8", "isDeleted:":"true", "version":"1717210033215"}}
{"logTime": "1121/174302", "correlationVector":"YMNQ/hBT+g01KWMOlyPzZq.5","action":"GetUpdates", "result":"DeleteReceived", "context":{"id":"36cd46cb-3ec4-4eca-b8d3-201fd0c7641b", "isDeleted:":"true", "version":"1717210033224"}}
{"logTime": "1121/174302", "correlationVector":"YMNQ/hBT+g01KWMOlyPzZq.6","action":"GetUpdates", "result":"DeleteReceived", "context":{"id":"eea7600a-32de-489c-b55d-549a9d01a592", "isDeleted:":"true", "version":"1717210033245"}}
{"logTime": "1121/174302", "correlationVector":"YMNQ/hBT+g01KWMOlyPzZq.7","action":"GetUpdates", "result":"DeleteReceived", "context":{"id":"326bef7c-3402-4bc6-a6a3-9898563dc49c", "isDeleted:":"true", "version":"1717210116521"}}
{"logTime": "1121/174302", "correlationVector":"YMNQ/hBT+g01KWMOlyPzZq.8","action":"GetUpdates", "result":"DeleteReceived", "context":{"id":"88e17717-4877-46b7-a6eb-ed0d54cdb836", "isDeleted:":"true", "version":"1717210116531"}}
{"logTime": "1121/174302", "correlationVector":"YMNQ/hBT+g01KWMOlyPzZq.9","action":"GetUpdates", "result":"DeleteReceived", "context":{"id":"a61b9e96-d82b-4f2b-a6ab-db316da8e3fc", "isDeleted:":"true", "version":"1717210118765"}}
{"logTime": "1121/174302", "correlationVector":"YMNQ/hBT+g01KWMOlyPzZq.10","action":"GetUpdates", "result":"DeleteReceived", "context":{"id":"fb103685-8b56-454f-b43e-10107750da18", "isDeleted:":"true", "version":"1720128344407"}}
{"logTime": "1121/174302", "correlationVector":"YMNQ/hBT+g01KWMOlyPzZq.11","action":"GetUpdates", "result":"DeleteReceived", "context":{"id":"1301f4ed-73a3-4010-b76f-6a1562e0756b", "isDeleted:":"true", "version":"1729586713687"}}
{"logTime": "1121/174302", "correlationVector":"YMNQ/hBT+g01KWMOlyPzZq.12","action":"GetUpdates", "result":"DeleteReceived", "context":{"id":"e04d560c-8f48-4693-bb8b-2fb35881061d", "isDeleted:":"true", "version":"1729586714889"}}
{"logTime": "1121/174302", "correlationVector":"YMNQ/hBT+g01KWMOlyPzZq.13","action":"GetUpdates", "result":"DeleteReceived", "context":{"id":"efb70132-99eb-4b5d-9c55-827c5731246f", "isDeleted:":"true", "version":"1729586716036"}}
{"logTime": "1121/174302", "correlationVector":"YMNQ/hBT+g01KWMOlyPzZq.14","action":"GetUpdates", "result":"DeleteReceived", "context":{"id":"c41dca57-2cec-4d02-8a6d-cd4dc0bca369", "isDeleted:":"true", "version":"1729586717252"}}
{"logTime": "1121/174302", "correlationVector":"YMNQ/hBT+g01KWMOlyPzZq.15","action":"GetUpdates", "result":"DeleteReceived", "context":{"id":"5c2895fc-fa2c-4eca-8ee7-2dc4d7b94e27", "isDeleted:":"true", "version":"1729586721819"}}
{"logTime": "1121/174302", "correlationVector":"YMNQ/hBT+g01KWMOlyPzZq.16","action":"GetUpdates", "result":"DeleteReceived", "context":{"id":"d5c18039-7e7e-4ce1-860e-e7a91c27f921", "isDeleted:":"true", "version":"1731417890592"}}
{"logTime": "1121/174302", "correlationVector":"YMNQ/hBT+g01KWMOlyPzZq.17","action":"GetUpdates Response", "result":"Success", "context":Received 184 update(s). cV=YMNQ/hBT+g01KWMOlyPzZq.0;server=GENERAL0100001G;cloudType=Consumer;environment=Prod_EastAsia_000d;migrationStage=NotStarted}
{"logTime": "1121/174302", "correlationVector":"DBa5A2Fcr3cqIiV52thv0A","action":"Initial GetUpdates", "result":"", "context":Reason: NEWLY_SUPPORTED_DATATYPE. cV=DBa5A2Fcr3cqIiV52thv0A}
{"logTime": "1121/174303", "correlationVector":"DBa5A2Fcr3cqIiV52thv0A.1","action":"SyncServerConnectionManagerRequest", "result":"SYNC_SERVER_OK", "context":{"environment":"Prod_EastAsia_000d", "migrationStage":"NotStarted", "server":"GENERAL0100001Z"}}
{"logTime": "1121/174303", "correlationVector":"DBa5A2Fcr3cqIiV52thv0A.2","action":"GetUpdates Response", "result":"Success", "context":Received 250 update(s). cV=DBa5A2Fcr3cqIiV52thv0A.0;server=GENERAL0100001Z;cloudType=Consumer;environment=Prod_EastAsia_000d;migrationStage=NotStarted Some updates remain.}
{"logTime": "1121/174303", "correlationVector":"d1i5i8oZBYHCaychxFL0sB","action":"Initial GetUpdates", "result":"", "context":Reason: NEWLY_SUPPORTED_DATATYPE. cV=d1i5i8oZBYHCaychxFL0sB}
{"logTime": "1121/174303", "correlationVector":"d1i5i8oZBYHCaychxFL0sB.1","action":"SyncServerConnectionManagerRequest", "result":"SYNC_SERVER_OK", "context":{"environment":"Prod_EastAsia_000d", "migrationStage":"NotStarted", "server":"GENERAL0100001J"}}
{"logTime": "1121/174303", "correlationVector":"d1i5i8oZBYHCaychxFL0sB.2","action":"GetUpdates Response", "result":"Success", "context":Received 250 update(s). cV=d1i5i8oZBYHCaychxFL0sB.0;server=GENERAL0100001J;cloudType=Consumer;environment=Prod_EastAsia_000d;migrationStage=NotStarted Some updates remain.}
{"logTime": "1121/174303", "correlationVector":"4kflvMcJbQTCPe0hNA9qY4","action":"Initial GetUpdates", "result":"", "context":Reason: NEWLY_SUPPORTED_DATATYPE. cV=4kflvMcJbQTCPe0hNA9qY4}
{"logTime": "1121/174304", "correlationVector":"4kflvMcJbQTCPe0hNA9qY4.1","action":"SyncServerConnectionManagerRequest", "result":"SYNC_SERVER_OK", "context":{"environment":"Prod_EastAsia_000d", "migrationStage":"NotStarted", "server":"GENERAL0100000N"}}
{"logTime": "1121/174304", "correlationVector":"4kflvMcJbQTCPe0hNA9qY4.2","action":"GetUpdates Response", "result":"Success", "context":Received 250 update(s). cV=4kflvMcJbQTCPe0hNA9qY4.0;server=GENERAL0100000N;cloudType=Consumer;environment=Prod_EastAsia_000d;migrationStage=NotStarted Some updates remain.}
{"logTime": "1121/174304", "correlationVector":"q5qZ188wuLVoW8cAj5Wgw+","action":"Initial GetUpdates", "result":"", "context":Reason: NEWLY_SUPPORTED_DATATYPE. cV=q5qZ188wuLVoW8cAj5Wgw+}
{"logTime": "1121/174305", "correlationVector":"q5qZ188wuLVoW8cAj5Wgw+.1","action":"SyncServerConnectionManagerRequest", "result":"SYNC_SERVER_OK", "context":{"environment":"Prod_EastAsia_000d", "migrationStage":"NotStarted", "server":"GENERAL0100001W"}}
{"logTime": "1121/174305", "correlationVector":"q5qZ188wuLVoW8cAj5Wgw+.2","action":"GetUpdates Response", "result":"Success", "context":Received 250 update(s). cV=q5qZ188wuLVoW8cAj5Wgw+.0;server=GENERAL0100001W;cloudType=Consumer;environment=Prod_EastAsia_000d;migrationStage=NotStarted Some updates remain.}
{"logTime": "1121/174305", "correlationVector":"qhhM7uMWvVX9Fd8K2pVCci","action":"Initial GetUpdates", "result":"", "context":Reason: NEWLY_SUPPORTED_DATATYPE. cV=qhhM7uMWvVX9Fd8K2pVCci}
{"logTime": "1121/174306", "correlationVector":"qhhM7uMWvVX9Fd8K2pVCci.1","action":"SyncServerConnectionManagerRequest", "result":"SYNC_SERVER_OK", "context":{"environment":"Prod_EastAsia_000d", "migrationStage":"NotStarted", "server":"GENERAL0100000W"}}
{"logTime": "1121/174306", "correlationVector":"qhhM7uMWvVX9Fd8K2pVCci.2","action":"GetUpdates Response", "result":"Success", "context":Received 250 update(s). cV=qhhM7uMWvVX9Fd8K2pVCci.0;server=GENERAL0100000W;cloudType=Consumer;environment=Prod_EastAsia_000d;migrationStage=NotStarted Some updates remain.}
{"logTime": "1121/174306", "correlationVector":"3paBL05gg0AFDXLnW91eSi","action":"Initial GetUpdates", "result":"", "context":Reason: NEWLY_SUPPORTED_DATATYPE. cV=3paBL05gg0AFDXLnW91eSi}
{"logTime": "1121/174306", "correlationVector":"3paBL05gg0AFDXLnW91eSi.1","action":"SyncServerConnectionManagerRequest", "result":"SYNC_SERVER_OK", "context":{"environment":"Prod_EastAsia_000d", "migrationStage":"NotStarted", "server":"GENERAL01000000"}}
{"logTime": "1121/174306", "correlationVector":"3paBL05gg0AFDXLnW91eSi.2","action":"GetUpdates Response", "result":"Success", "context":Received 250 update(s). cV=3paBL05gg0AFDXLnW91eSi.0;server=GENERAL01000000;cloudType=Consumer;environment=Prod_EastAsia_000d;migrationStage=NotStarted Some updates remain.}
{"logTime": "1121/174306", "correlationVector":"TUBxTivYBq+En2aqHTWQ+K","action":"Initial GetUpdates", "result":"", "context":Reason: NEWLY_SUPPORTED_DATATYPE. cV=TUBxTivYBq+En2aqHTWQ+K}
{"logTime": "1121/174307", "correlationVector":"TUBxTivYBq+En2aqHTWQ+K.1","action":"SyncServerConnectionManagerRequest", "result":"SYNC_SERVER_OK", "context":{"environment":"Prod_EastAsia_000d", "migrationStage":"NotStarted", "server":"GENERAL0100001U"}}
{"logTime": "1121/174307", "correlationVector":"TUBxTivYBq+En2aqHTWQ+K.2","action":"GetUpdates Response", "result":"Success", "context":Received 250 update(s). cV=TUBxTivYBq+En2aqHTWQ+K.0;server=GENERAL0100001U;cloudType=Consumer;environment=Prod_EastAsia_000d;migrationStage=NotStarted Some updates remain.}
{"logTime": "1121/174307", "correlationVector":"imi/QB2EHtJNB+mUGNEI6J","action":"Initial GetUpdates", "result":"", "context":Reason: NEWLY_SUPPORTED_DATATYPE. cV=imi/QB2EHtJNB+mUGNEI6J}
{"logTime": "1121/174308", "correlationVector":"imi/QB2EHtJNB+mUGNEI6J.1","action":"SyncServerConnectionManagerRequest", "result":"SYNC_SERVER_OK", "context":{"environment":"Prod_EastAsia_000d", "migrationStage":"NotStarted", "server":"GENERAL01000021"}}
{"logTime": "1121/174308", "correlationVector":"imi/QB2EHtJNB+mUGNEI6J.2","action":"GetUpdates Response", "result":"Success", "context":Received 250 update(s). cV=imi/QB2EHtJNB+mUGNEI6J.0;server=GENERAL01000021;cloudType=Consumer;environment=Prod_EastAsia_000d;migrationStage=NotStarted Some updates remain.}
{"logTime": "1121/174308", "correlationVector":"MMwarUOLT/HFSzpQateK/K","action":"Initial GetUpdates", "result":"", "context":Reason: NEWLY_SUPPORTED_DATATYPE. cV=MMwarUOLT/HFSzpQateK/K}
{"logTime": "1121/174308", "correlationVector":"MMwarUOLT/HFSzpQateK/K.1","action":"SyncServerConnectionManagerRequest", "result":"SYNC_SERVER_OK", "context":{"environment":"Prod_EastAsia_000d", "migrationStage":"NotStarted", "server":"GENERAL0300001D"}}
{"logTime": "1121/174308", "correlationVector":"MMwarUOLT/HFSzpQateK/K.2","action":"GetUpdates Response", "result":"Success", "context":Received 250 update(s). cV=MMwarUOLT/HFSzpQateK/K.0;server=GENERAL0300001D;cloudType=Consumer;environment=Prod_EastAsia_000d;migrationStage=NotStarted Some updates remain.}
{"logTime": "1121/174308", "correlationVector":"THbZzOHCFqTi66+KKfTztZ","action":"Initial GetUpdates", "result":"", "context":Reason: NEWLY_SUPPORTED_DATATYPE. cV=THbZzOHCFqTi66+KKfTztZ}
{"logTime": "1121/174310", "correlationVector":"THbZzOHCFqTi66+KKfTztZ.1","action":"SyncServerConnectionManagerRequest", "result":"SYNC_SERVER_OK", "context":{"environment":"Prod_EastAsia_000d", "migrationStage":"NotStarted", "server":"GENERAL0300001B"}}
{"logTime": "1121/174310", "correlationVector":"THbZzOHCFqTi66+KKfTztZ.2","action":"GetUpdates Response", "result":"Success", "context":Received 250 update(s). cV=THbZzOHCFqTi66+KKfTztZ.0;server=GENERAL0300001B;cloudType=Consumer;environment=Prod_EastAsia_000d;migrationStage=NotStarted Some updates remain.}
{"logTime": "1121/174310", "correlationVector":"PK2LmOl/1Cx4dv2F2Za+xm","action":"Initial GetUpdates", "result":"", "context":Reason: NEWLY_SUPPORTED_DATATYPE. cV=PK2LmOl/1Cx4dv2F2Za+xm}
{"logTime": "1121/174310", "correlationVector":"PK2LmOl/1Cx4dv2F2Za+xm.1","action":"SyncServerConnectionManagerRequest", "result":"SYNC_SERVER_OK", "context":{"environment":"Prod_EastAsia_000d", "migrationStage":"NotStarted", "server":"GENERAL0100000Y"}}
{"logTime": "1121/174310", "correlationVector":"PK2LmOl/1Cx4dv2F2Za+xm.2","action":"GetUpdates Response", "result":"Success", "context":Received 250 update(s). cV=PK2LmOl/1Cx4dv2F2Za+xm.0;server=GENERAL0100000Y;cloudType=Consumer;environment=Prod_EastAsia_000d;migrationStage=NotStarted Some updates remain.}
{"logTime": "1121/174310", "correlationVector":"uofgctwahT67363+ICYBum","action":"Initial GetUpdates", "result":"", "context":Reason: NEWLY_SUPPORTED_DATATYPE. cV=uofgctwahT67363+ICYBum}
{"logTime": "1121/174311", "correlationVector":"uofgctwahT67363+ICYBum.1","action":"SyncServerConnectionManagerRequest", "result":"SYNC_SERVER_OK", "context":{"environment":"Prod_EastAsia_000d", "migrationStage":"NotStarted", "server":"GENERAL0100000O"}}
{"logTime": "1121/174311", "correlationVector":"uofgctwahT67363+ICYBum.2","action":"GetUpdates Response", "result":"Success", "context":Received 250 update(s). cV=uofgctwahT67363+ICYBum.0;server=GENERAL0100000O;cloudType=Consumer;environment=Prod_EastAsia_000d;migrationStage=NotStarted Some updates remain.}
{"logTime": "1121/174311", "correlationVector":"YlUfm/H/4ikA8G3Fiaqrki","action":"Initial GetUpdates", "result":"", "context":Reason: NEWLY_SUPPORTED_DATATYPE. cV=YlUfm/H/4ikA8G3Fiaqrki}
{"logTime": "1121/174312", "correlationVector":"YlUfm/H/4ikA8G3Fiaqrki.1","action":"SyncServerConnectionManagerRequest", "result":"SYNC_SERVER_OK", "context":{"environment":"Prod_EastAsia_000d", "migrationStage":"NotStarted", "server":"GENERAL0100000Q"}}
{"logTime": "1121/174312", "correlationVector":"YlUfm/H/4ikA8G3Fiaqrki.2","action":"GetUpdates Response", "result":"Success", "context":Received 250 update(s). cV=YlUfm/H/4ikA8G3Fiaqrki.0;server=GENERAL0100000Q;cloudType=Consumer;environment=Prod_EastAsia_000d;migrationStage=NotStarted Some updates remain.}
{"logTime": "1121/174312", "correlationVector":"zUuWK4OUmFXDKNInJtrGgv","action":"Initial GetUpdates", "result":"", "context":Reason: NEWLY_SUPPORTED_DATATYPE. cV=zUuWK4OUmFXDKNInJtrGgv}
{"logTime": "1121/174313", "correlationVector":"zUuWK4OUmFXDKNInJtrGgv.1","action":"SyncServerConnectionManagerRequest", "result":"SYNC_SERVER_OK", "context":{"environment":"Prod_EastAsia_000d", "migrationStage":"NotStarted", "server":"GENERAL0100001M"}}
{"logTime": "1121/174313", "correlationVector":"zUuWK4OUmFXDKNInJtrGgv.2","action":"GetUpdates Response", "result":"Success", "context":Received 28 update(s). cV=zUuWK4OUmFXDKNInJtrGgv.0;server=GENERAL0100001M;cloudType=Consumer;environment=Prod_EastAsia_000d;migrationStage=NotStarted}
{"logTime": "1121/174313", "correlationVector":"+v/OBxM97kn0TAdRqYmF0I","action":"Normal GetUpdate request", "result":"", "context":cV=+v/OBxM97kn0TAdRqYmF0I
Nudged types: Preferences, Sessions, Device Info, History
Refresh requested types: Bookmarks, Preferences, Passwords, Autofill Profiles, Autofill, Extensions, Sessions, Extension settings, History Delete Directives, Device Info, User Consents, Send Tab To Self, Web Apps, History, Collection, Edge E Drop, Edge Hub App Usage, Edge Tab Group, Edge Wallet, Encryption Keys}
{"logTime": "1121/174313", "correlationVector":"+v/OBxM97kn0TAdRqYmF0I.1","action":"SyncServerConnectionManagerRequest", "result":"SYNC_SERVER_OK", "context":{"environment":"Prod_EastAsia_000d", "migrationStage":"NotStarted", "server":"GENERAL0100000F"}}
{"logTime": "1121/174313", "correlationVector":"+v/OBxM97kn0TAdRqYmF0I.2","action":"GetUpdates Response", "result":"Success", "context":Received 8 update(s). cV=+v/OBxM97kn0TAdRqYmF0I.0;server=GENERAL0100000F;cloudType=Consumer;environment=Prod_EastAsia_000d;migrationStage=NotStarted}
{"logTime": "1121/174313", "correlationVector":"W5H8yZnMf9ZNTd89nPi/Hf","action":"Commit Request", "result":"", "context":Item count: 9
Contributing types: Preferences, Sessions, Device Info, History}
{"logTime": "1121/174314", "correlationVector":"W5H8yZnMf9ZNTd89nPi/Hf.1","action":"SyncServerConnectionManagerRequest", "result":"SYNC_SERVER_OK", "context":{"environment":"Prod_EastAsia_000d", "migrationStage":"NotStarted", "server":"GENERAL0100001W"}}
{"logTime": "1121/174314", "correlationVector":"W5H8yZnMf9ZNTd89nPi/Hf.3","action":"Commit.Sessions", "result":"Success", "context":{"id":"ded23ddd-0b33-4edc-96a7-dcb175044cf5", "isDeleted":"true", "size":"0", "version":"1732210604787"}}
{"logTime": "1121/174314", "correlationVector":"W5H8yZnMf9ZNTd89nPi/Hf.2","action":"Commit Response", "result":"Success", "context":Result: Success. cV=W5H8yZnMf9ZNTd89nPi/Hf.0;server=GENERAL0100001W;cloudType=Consumer;environment=Prod_EastAsia_000d;migrationStage=NotStarted}
{"logTime": "1121/174316", "correlationVector":"ywiE2wmzUPvl/deByVsXVO","action":"Normal GetUpdate request", "result":"", "context":cV=ywiE2wmzUPvl/deByVsXVO
Notified types: History}
{"logTime": "1121/174316", "correlationVector":"ywiE2wmzUPvl/deByVsXVO.1","action":"SyncServerConnectionManagerRequest", "result":"SYNC_SERVER_OK", "context":{"environment":"Prod_EastAsia_000d", "migrationStage":"NotStarted", "server":"GENERAL0100001J"}}
{"logTime": "1121/174316", "correlationVector":"ywiE2wmzUPvl/deByVsXVO.2","action":"GetUpdates", "result":"DeleteReceived", "context":{"id":"ded23ddd-0b33-4edc-96a7-dcb175044cf5", "isDeleted:":"true", "version":"1732210996421"}}
{"logTime": "1121/174316", "correlationVector":"ywiE2wmzUPvl/deByVsXVO.3","action":"GetUpdates Response", "result":"Success", "context":Received 13 update(s). cV=ywiE2wmzUPvl/deByVsXVO.0;server=GENERAL0100001J;cloudType=Consumer;environment=Prod_EastAsia_000d;migrationStage=NotStarted}
{"logTime": "1121/182544", "correlationVector":"Uc17wzPw5Me2/iQB286EGV.1","action":"SyncServerConnectionManagerRequest", "result":"SYNC_SERVER_OK", "context":{"environment":"Prod_EastAsia_000d", "migrationStage":"NotStarted", "server":"GENERAL0300001A"}}
{"logTime": "1121/182544", "correlationVector":"mpRo2TnNg1snl1IX5umNic","action":"SyncServerConnectionManagerRequest", "result":"SYNC_SERVER_OK", "context":{"environment":"", "migrationStage":"", "server":""}}
{"logTime": "1121/182544", "correlationVector":"Uc17wzPw5Me2/iQB286EGV","action":"Initial GetUpdates", "result":"", "context":Reason: NEW_CLIENT. cV=Uc17wzPw5Me2/iQB286EGV}
{"logTime": "1121/182544", "correlationVector":"Uc17wzPw5Me2/iQB286EGV.2","action":"GetUpdates Response", "result":"Success", "context":Received 1 update(s). cV=Uc17wzPw5Me2/iQB286EGV.0;server=GENERAL0300001A;cloudType=Consumer;environment=Prod_EastAsia_000d;migrationStage=NotStarted}
{"logTime": "1121/182544", "correlationVector":"iz8mRJwSioGVlqxrtIcnVk","action":"Initial GetUpdates", "result":"", "context":Reason: NEWLY_SUPPORTED_DATATYPE. cV=iz8mRJwSioGVlqxrtIcnVk}
{"logTime": "1121/182545", "correlationVector":"iz8mRJwSioGVlqxrtIcnVk.1","action":"SyncServerConnectionManagerRequest", "result":"SYNC_SERVER_OK", "context":{"environment":"Prod_EastAsia_000d", "migrationStage":"NotStarted", "server":"GENERAL0300002O"}}
{"logTime": "1121/182545", "correlationVector":"iz8mRJwSioGVlqxrtIcnVk.2","action":"GetUpdates", "result":"DeleteReceived", "context":{"id":"2001a010-2194-4bd5-9015-1b845d6a4849", "isDeleted:":"true", "version":"1705222676142"}}
{"logTime": "1121/182545", "correlationVector":"iz8mRJwSioGVlqxrtIcnVk.3","action":"GetUpdates", "result":"DeleteReceived", "context":{"id":"21fe98d8-1d19-4608-8d24-6d80e04901d5", "isDeleted:":"true", "version":"1705222694034"}}
{"logTime": "1121/182545", "correlationVector":"iz8mRJwSioGVlqxrtIcnVk.4","action":"GetUpdates", "result":"DeleteReceived", "context":{"id":"5d8fff19-1cbf-4c04-8ca0-9a5aa71f0ca8", "isDeleted:":"true", "version":"1717210033215"}}
{"logTime": "1121/182545", "correlationVector":"iz8mRJwSioGVlqxrtIcnVk.5","action":"GetUpdates", "result":"DeleteReceived", "context":{"id":"36cd46cb-3ec4-4eca-b8d3-201fd0c7641b", "isDeleted:":"true", "version":"1717210033224"}}
{"logTime": "1121/182545", "correlationVector":"iz8mRJwSioGVlqxrtIcnVk.6","action":"GetUpdates", "result":"DeleteReceived", "context":{"id":"eea7600a-32de-489c-b55d-549a9d01a592", "isDeleted:":"true", "version":"1717210033245"}}
{"logTime": "1121/182545", "correlationVector":"iz8mRJwSioGVlqxrtIcnVk.7","action":"GetUpdates", "result":"DeleteReceived", "context":{"id":"326bef7c-3402-4bc6-a6a3-9898563dc49c", "isDeleted:":"true", "version":"1717210116521"}}
{"logTime": "1121/182545", "correlationVector":"iz8mRJwSioGVlqxrtIcnVk.8","action":"GetUpdates", "result":"DeleteReceived", "context":{"id":"88e17717-4877-46b7-a6eb-ed0d54cdb836", "isDeleted:":"true", "version":"1717210116531"}}
{"logTime": "1121/182545", "correlationVector":"iz8mRJwSioGVlqxrtIcnVk.9","action":"GetUpdates", "result":"DeleteReceived", "context":{"id":"a61b9e96-d82b-4f2b-a6ab-db316da8e3fc", "isDeleted:":"true", "version":"1717210118765"}}
{"logTime": "1121/182545", "correlationVector":"iz8mRJwSioGVlqxrtIcnVk.10","action":"GetUpdates", "result":"DeleteReceived", "context":{"id":"fb103685-8b56-454f-b43e-10107750da18", "isDeleted:":"true", "version":"1720128344407"}}
{"logTime": "1121/182545", "correlationVector":"iz8mRJwSioGVlqxrtIcnVk.11","action":"GetUpdates", "result":"DeleteReceived", "context":{"id":"1301f4ed-73a3-4010-b76f-6a1562e0756b", "isDeleted:":"true", "version":"1729586713687"}}
{"logTime": "1121/182545", "correlationVector":"iz8mRJwSioGVlqxrtIcnVk.12","action":"GetUpdates", "result":"DeleteReceived", "context":{"id":"e04d560c-8f48-4693-bb8b-2fb35881061d", "isDeleted:":"true", "version":"1729586714889"}}
{"logTime": "1121/182545", "correlationVector":"iz8mRJwSioGVlqxrtIcnVk.13","action":"GetUpdates", "result":"DeleteReceived", "context":{"id":"efb70132-99eb-4b5d-9c55-827c5731246f", "isDeleted:":"true", "version":"1729586716036"}}
{"logTime": "1121/182545", "correlationVector":"iz8mRJwSioGVlqxrtIcnVk.14","action":"GetUpdates", "result":"DeleteReceived", "context":{"id":"c41dca57-2cec-4d02-8a6d-cd4dc0bca369", "isDeleted:":"true", "version":"1729586717252"}}
{"logTime": "1121/182545", "correlationVector":"iz8mRJwSioGVlqxrtIcnVk.15","action":"GetUpdates", "result":"DeleteReceived", "context":{"id":"5c2895fc-fa2c-4eca-8ee7-2dc4d7b94e27", "isDeleted:":"true", "version":"1729586721819"}}
{"logTime": "1121/182545", "correlationVector":"iz8mRJwSioGVlqxrtIcnVk.16","action":"GetUpdates", "result":"DeleteReceived", "context":{"id":"d5c18039-7e7e-4ce1-860e-e7a91c27f921", "isDeleted:":"true", "version":"1731417890592"}}
{"logTime": "1121/182545", "correlationVector":"iz8mRJwSioGVlqxrtIcnVk.17","action":"GetUpdates Response", "result":"Success", "context":Received 184 update(s). cV=iz8mRJwSioGVlqxrtIcnVk.0;server=GENERAL0300002O;cloudType=Consumer;environment=Prod_EastAsia_000d;migrationStage=NotStarted}
{"logTime": "1121/182545", "correlationVector":"OqAY0kZVF91QD2975BvqYJ","action":"Normal GetUpdate request", "result":"", "context":cV=OqAY0kZVF91QD2975BvqYJ
Nudged types: Sessions, Device Info, History
Refresh requested types: Bookmarks, Preferences, Passwords, Autofill Profiles, Autofill, Extensions, Sessions, Extension settings, History Delete Directives, Device Info, User Consents, Send Tab To Self, Web Apps, History, Collection, Edge E Drop, Edge Hub App Usage, Edge Tab Group, Edge Wallet, Encryption Keys}
{"logTime": "1121/182545", "correlationVector":"OqAY0kZVF91QD2975BvqYJ.1","action":"SyncServerConnectionManagerRequest", "result":"SYNC_SERVER_OK", "context":{"environment":"Prod_EastAsia_000d", "migrationStage":"NotStarted", "server":"GENERAL03000017"}}
{"logTime": "1121/182545", "correlationVector":"OqAY0kZVF91QD2975BvqYJ.2","action":"GetUpdates", "result":"DeleteReceived", "context":{"id":"17975b55-06bd-4f06-94e8-3eaff61fa406", "isDeleted:":"true", "version":"1732211132332"}}
{"logTime": "1121/182545", "correlationVector":"OqAY0kZVF91QD2975BvqYJ.3","action":"GetUpdates Response", "result":"Success", "context":Received 22 update(s). cV=OqAY0kZVF91QD2975BvqYJ.0;server=GENERAL03000017;cloudType=Consumer;environment=Prod_EastAsia_000d;migrationStage=NotStarted}
{"logTime": "1121/182545", "correlationVector":"Bla6egaiqGpT6zRmfxco42","action":"Commit Request", "result":"", "context":Item count: 6
Contributing types: Sessions, Device Info, History}
{"logTime": "1121/182546", "correlationVector":"Bla6egaiqGpT6zRmfxco42.1","action":"SyncServerConnectionManagerRequest", "result":"SYNC_SERVER_OK", "context":{"environment":"Prod_EastAsia_000d", "migrationStage":"NotStarted", "server":"GENERAL01000006"}}
{"logTime": "1121/182546", "correlationVector":"Bla6egaiqGpT6zRmfxco42.3","action":"Commit.Sessions", "result":"Success", "context":{"id":"18c0086b-ab00-48c9-b5e4-8891e641969e", "isDeleted":"true", "size":"0", "version":"1732210996419"}}
{"logTime": "1121/182546", "correlationVector":"Bla6egaiqGpT6zRmfxco42.2","action":"Commit Response", "result":"Success", "context":Result: Success. cV=Bla6egaiqGpT6zRmfxco42.0;server=GENERAL01000006;cloudType=Consumer;environment=Prod_EastAsia_000d;migrationStage=NotStarted}
{"logTime": "1121/182556", "correlationVector":"PYzJmvEbhNPDVxJkBXf2Vk","action":"Commit Request", "result":"", "context":Item count: 6
Contributing types: Preferences, Sessions, History}
{"logTime": "1121/182557", "correlationVector":"PYzJmvEbhNPDVxJkBXf2Vk.1","action":"SyncServerConnectionManagerRequest", "result":"SYNC_SERVER_OK", "context":{"environment":"Prod_EastAsia_000d", "migrationStage":"NotStarted", "server":"GENERAL0100000R"}}
{"logTime": "1121/182557", "correlationVector":"PYzJmvEbhNPDVxJkBXf2Vk.2","action":"Commit Response", "result":"Success", "context":Result: Success. cV=PYzJmvEbhNPDVxJkBXf2Vk.0;server=GENERAL0100000R;cloudType=Consumer;environment=Prod_EastAsia_000d;migrationStage=NotStarted}
{"logTime": "1121/182627", "correlationVector":"SiJkoJyitChM8JSORZ+Zj0","action":"Commit Request", "result":"", "context":Item count: 3
Contributing types: Sessions, History}
{"logTime": "1121/182628", "correlationVector":"SiJkoJyitChM8JSORZ+Zj0.1","action":"SyncServerConnectionManagerRequest", "result":"SYNC_SERVER_OK", "context":{"environment":"Prod_EastAsia_000d", "migrationStage":"NotStarted", "server":"GENERAL0100000Y"}}
{"logTime": "1121/182628", "correlationVector":"SiJkoJyitChM8JSORZ+Zj0.2","action":"Commit Response", "result":"Success", "context":Result: Success. cV=SiJkoJyitChM8JSORZ+Zj0.0;server=GENERAL0100000Y;cloudType=Consumer;environment=Prod_EastAsia_000d;migrationStage=NotStarted}
{"logTime": "1121/182840", "correlationVector":"aSFabJn6DOykeS9vO6sFMB","action":"Commit Request", "result":"", "context":Item count: 4
Contributing types: Sessions, History}
{"logTime": "1121/182841", "correlationVector":"aSFabJn6DOykeS9vO6sFMB.1","action":"SyncServerConnectionManagerRequest", "result":"SYNC_SERVER_OK", "context":{"environment":"Prod_EastAsia_000d", "migrationStage":"NotStarted", "server":"GENERAL0100000Y"}}
{"logTime": "1121/182841", "correlationVector":"aSFabJn6DOykeS9vO6sFMB.2","action":"Commit Response", "result":"Success", "context":Result: Success. cV=aSFabJn6DOykeS9vO6sFMB.0;server=GENERAL0100000Y;cloudType=Consumer;environment=Prod_EastAsia_000d;migrationStage=NotStarted}
