2024-11-21 17:22:58.568: [INFO][Sync] Reset engine, reason: 8
2024-11-21 17:22:58.568: [INFO][Sync] Stopped: Bookmarks
2024-11-21 17:22:58.568: [INFO][Sync] Stopped: Preferences
2024-11-21 17:22:58.568: [INFO][Sync] Stopped: Passwords
2024-11-21 17:22:58.569: [INFO][Sync] Stopped: Autofill Profiles
2024-11-21 17:22:58.569: [INFO][Sync] Stopped: Autofill
2024-11-21 17:22:58.569: [INFO][Sync] Stopped: Typed URLs
2024-11-21 17:22:58.569: [INFO][Sync] Stopped: Extensions
2024-11-21 17:22:58.569: [INFO][Sync] Stopped: Sessions
2024-11-21 17:22:58.569: [INFO][Sync] Stopped: Extension settings
2024-11-21 17:22:58.569: [INFO][Sync] Stopped: History Delete Directives
2024-11-21 17:22:58.569: [INFO][Sync] Stopped: Device Info
2024-11-21 17:22:58.569: [INFO][Sync] Stopped: User Consents
2024-11-21 17:22:58.569: [INFO][Sync] Stopped: Send Tab To Self
2024-11-21 17:22:58.569: [INFO][Sync] Stopped: Web Apps
2024-11-21 17:22:58.569: [INFO][Sync] Stopped: History
2024-11-21 17:22:58.569: [INFO][Sync] Stopped: Collection
2024-11-21 17:22:58.569: [INFO][Sync] Stopped: Edge E Drop
2024-11-21 17:22:58.569: [INFO][Sync] Stopped: Edge Hub App Usage
2024-11-21 17:22:58.569: [INFO][Sync] Stopped: Edge Tab Group
2024-11-21 17:22:58.569: [INFO][Sync] Stopped: Edge Wallet
2024-11-21 17:22:58.569: [INFO][Sync] SyncState after authenticated was: NotSignedIn
2024-11-21 17:22:58.746: [INFO][Sync] Reset engine, reason: 8
2024-11-21 17:22:58.746: [INFO][Sync] Stopped: Bookmarks
2024-11-21 17:22:58.746: [INFO][Sync] Stopped: Preferences
2024-11-21 17:22:58.746: [INFO][Sync] Stopped: Passwords
2024-11-21 17:22:58.746: [INFO][Sync] Stopped: Autofill Profiles
2024-11-21 17:22:58.746: [INFO][Sync] Stopped: Autofill
2024-11-21 17:22:58.746: [INFO][Sync] Stopped: Typed URLs
2024-11-21 17:22:58.746: [INFO][Sync] Stopped: Extensions
2024-11-21 17:22:58.746: [INFO][Sync] Stopped: Sessions
2024-11-21 17:22:58.746: [INFO][Sync] Stopped: Extension settings
2024-11-21 17:22:58.746: [INFO][Sync] Stopped: History Delete Directives
2024-11-21 17:22:58.746: [INFO][Sync] Stopped: Device Info
2024-11-21 17:22:58.746: [INFO][Sync] Stopped: User Consents
2024-11-21 17:22:58.746: [INFO][Sync] Stopped: Send Tab To Self
2024-11-21 17:22:58.746: [INFO][Sync] Stopped: Web Apps
2024-11-21 17:22:58.746: [INFO][Sync] Stopped: History
2024-11-21 17:22:58.746: [INFO][Sync] Stopped: Collection
2024-11-21 17:22:58.746: [INFO][Sync] Stopped: Edge E Drop
2024-11-21 17:22:58.746: [INFO][Sync] Stopped: Edge Hub App Usage
2024-11-21 17:22:58.746: [INFO][Sync] Stopped: Edge Tab Group
2024-11-21 17:22:58.746: [INFO][Sync] Stopped: Edge Wallet
2024-11-21 17:22:58.802: [INFO][Sync] Try to start sync engine
2024-11-21 17:22:58.802: [INFO][SyncManagerImpl::NudgeForInitialDownload] Initial download nudge for Encryption Keys
2024-11-21 17:22:58.802: [INFO][SyncEngineBackend::LoadAndConnectNigoriController] Load and connect Nigori controller
2024-11-21 17:22:58.802: [INFO][SyncEngineBackend::DoInitialize] Control Types added: Encryption Keys
2024-11-21 17:22:58.802: [INFO][SyncManagerImpl::ConfigureSyncer] Types to download: Encryption Keys with reason: 3
2024-11-21 17:22:58.803: [INFO][SyncSchedulerImpl::DoConfigurationSyncCycleJob] Configure job was blocked
2024-11-21 17:22:58.887: [INFO][SyncAuthManager::SetLastAuthError] Current auth error: None
2024-11-21 17:22:58.887: [INFO][SyncAuthManager::EdgeLogTokenErrorState] Token error with: None for account type: MSA
2024-11-21 17:22:58.887: [INFO][Sync] Credentials changed for: EdgeSyncScopeNew
2024-11-21 17:22:59.818: [INFO][SyncAuthManager::SetLastAuthError] Current auth error: None
2024-11-21 17:22:59.819: [INFO][SyncAuthManager::EdgeLogTokenErrorState] Token error with: None for account type: MSA
2024-11-21 17:22:59.819: [INFO][Sync] Credentials changed for: EdgeSyncKeyDataScope
2024-11-21 17:22:59.819: [INFO][SyncEngineBackend::DoUpdateKeyDataCredentials] Update key data credentials
2024-11-21 17:22:59.819: [INFO][SyncEngineBackend::DoUpdateCredentials] Update credentials
2024-11-21 17:22:59.819: [INFO][SyncSchedulerImpl::DoConfigurationSyncCycleJob] Blocked types:  and types to download: Encryption Keys
2024-11-21 17:23:00.184: [INFO][Sync] Started DataTypeManager configuration, reason: 4
2024-11-21 17:23:00.184: [INFO][Sync] Configuring for: Bookmarks, Preferences, Passwords, Autofill Profiles, Autofill, Typed URLs, Extensions, Sessions, Extension settings, History Delete Directives, Device Info, User Consents, Send Tab To Self, Web Apps, Collection, Edge E Drop, Edge Hub App Usage, Edge Tab Group, Edge Wallet, Encryption Keys, reason: 3, current state: 0
2024-11-21 17:23:00.185: [INFO][Sync] Configure, desired: Bookmarks, Preferences, Typed URLs, Extensions, Sessions, Extension settings, History Delete Directives, Device Info, User Consents, Send Tab To Self, Web Apps, Collection, Edge E Drop, Edge Hub App Usage, Edge Tab Group, Edge Wallet, Encryption Keys; Allow fail: Passwords, Autofill Profiles, Autofill
2024-11-21 17:23:00.185: [INFO][Sync] Loading: Bookmarks
2024-11-21 17:23:00.185: [INFO][Sync] Loading: Preferences
2024-11-21 17:23:00.185: [INFO][Sync] Loading: Typed URLs
2024-11-21 17:23:00.185: [INFO][Sync] Loading: Extensions
2024-11-21 17:23:00.185: [INFO][Sync] Loading: Sessions
2024-11-21 17:23:00.185: [INFO][Sync] Loading: Extension settings
2024-11-21 17:23:00.185: [INFO][Sync] Loading: History Delete Directives
2024-11-21 17:23:00.185: [INFO][Sync] Loading: Device Info
2024-11-21 17:23:00.185: [INFO][Sync] Loading: User Consents
2024-11-21 17:23:00.185: [INFO][Sync] Loading: Send Tab To Self
2024-11-21 17:23:00.185: [INFO][Sync] Loading: Web Apps
2024-11-21 17:23:00.185: [INFO][Sync] Loading: Collection
2024-11-21 17:23:00.185: [INFO][Sync] Loading: Edge E Drop
2024-11-21 17:23:00.185: [INFO][Sync] Loading: Edge Hub App Usage
2024-11-21 17:23:00.185: [INFO][Sync] Loading: Edge Tab Group
2024-11-21 17:23:00.185: [INFO][Sync] Loading: Edge Wallet
2024-11-21 17:23:00.188: [INFO][Sync] All data types are ready for configure.
2024-11-21 17:23:00.807: [INFO][SyncEngineBackend::DoStartConfiguration] Start configuration
2024-11-21 17:23:00.807: [INFO][SyncManagerImpl::NudgeForInitialDownload] Initial download nudge for Bookmarks
2024-11-21 17:23:00.807: [INFO][SyncManagerImpl::NudgeForInitialDownload] Initial download nudge for Preferences
2024-11-21 17:23:00.807: [INFO][SyncManagerImpl::NudgeForInitialDownload] Initial download nudge for Typed URLs
2024-11-21 17:23:00.807: [INFO][SyncManagerImpl::NudgeForInitialDownload] Initial download nudge for Extensions
2024-11-21 17:23:00.807: [INFO][SyncManagerImpl::NudgeForInitialDownload] Initial download nudge for Sessions
2024-11-21 17:23:00.807: [INFO][SyncManagerImpl::NudgeForInitialDownload] Initial download nudge for Extension settings
2024-11-21 17:23:00.807: [INFO][SyncManagerImpl::NudgeForInitialDownload] Initial download nudge for History Delete Directives
2024-11-21 17:23:00.807: [INFO][SyncManagerImpl::NudgeForInitialDownload] Initial download nudge for Device Info
2024-11-21 17:23:00.807: [INFO][SyncManagerImpl::NudgeForInitialDownload] Initial download nudge for Send Tab To Self
2024-11-21 17:23:00.807: [INFO][SyncManagerImpl::NudgeForInitialDownload] Initial download nudge for Web Apps
2024-11-21 17:23:00.807: [INFO][SyncManagerImpl::NudgeForInitialDownload] Initial download nudge for Collection
2024-11-21 17:23:00.807: [INFO][SyncManagerImpl::NudgeForInitialDownload] Initial download nudge for Edge E Drop
2024-11-21 17:23:00.807: [INFO][SyncManagerImpl::NudgeForInitialDownload] Initial download nudge for Edge Hub App Usage
2024-11-21 17:23:00.807: [INFO][SyncManagerImpl::NudgeForInitialDownload] Initial download nudge for Edge Tab Group
2024-11-21 17:23:00.807: [INFO][SyncManagerImpl::NudgeForInitialDownload] Initial download nudge for Edge Wallet
2024-11-21 17:23:00.807: [INFO][Sync] Started DataTypeManager configuration, reason: 5
2024-11-21 17:23:00.807: [INFO][SyncManagerImpl::ConfigureSyncer] Types to download:  with reason: 3
2024-11-21 17:23:00.807: [INFO][SyncEngineBackend::DoFinishConfigureDataTypes] Failed to download types:  and succeeded types: 
2024-11-21 17:23:00.807: [INFO][Sync] Configuring for: Bookmarks, Preferences, Passwords, Autofill Profiles, Autofill, Typed URLs, Extensions, Sessions, Extension settings, History Delete Directives, Device Info, User Consents, Send Tab To Self, Web Apps, Collection, Edge E Drop, Edge Hub App Usage, Edge Tab Group, Edge Wallet, Encryption Keys, reason: 5, current state: 1
2024-11-21 17:23:00.808: [INFO][Sync] ConfigurationDone, failed: , succeeded: , remaining count: 3
2024-11-21 17:23:00.808: [WARN][Sync]     Reconfigure requested while configuration ongoing.
2024-11-21 17:23:00.808: [INFO][Sync] Configuring for: Bookmarks, Preferences, Passwords, Autofill Profiles, Autofill, Typed URLs, Extensions, Sessions, Extension settings, History Delete Directives, Device Info, User Consents, Send Tab To Self, Web Apps, Collection, Edge E Drop, Edge Hub App Usage, Edge Tab Group, Edge Wallet, Encryption Keys, reason: 5, current state: 2
2024-11-21 17:23:00.808: [INFO][Sync] Configure, desired: Bookmarks, Preferences, Passwords, Autofill Profiles, Autofill, Typed URLs, Extensions, Sessions, Extension settings, History Delete Directives, Device Info, User Consents, Send Tab To Self, Web Apps, Collection, Edge E Drop, Edge Hub App Usage, Edge Tab Group, Edge Wallet, Encryption Keys; Allow fail: 
2024-11-21 17:23:00.808: [INFO][Sync] Loading: Passwords
2024-11-21 17:23:00.808: [INFO][Sync] Loading: Autofill Profiles
2024-11-21 17:23:00.808: [INFO][Sync] Loading: Autofill
2024-11-21 17:23:00.809: [INFO][Sync] All data types are ready for configure.
2024-11-21 17:23:00.809: [INFO][SyncManagerImpl::NudgeForInitialDownload] Initial download nudge for Passwords
2024-11-21 17:23:00.809: [INFO][SyncManagerImpl::NudgeForInitialDownload] Initial download nudge for Autofill Profiles
2024-11-21 17:23:00.809: [INFO][SyncManagerImpl::NudgeForInitialDownload] Initial download nudge for Autofill
2024-11-21 17:23:00.809: [INFO][SyncManagerImpl::ConfigureSyncer] Types to download:  with reason: 5
2024-11-21 17:23:00.809: [INFO][SyncEngineBackend::DoFinishConfigureDataTypes] Failed to download types:  and succeeded types: 
2024-11-21 17:23:00.809: [INFO][Sync] ConfigurationDone, failed: , succeeded: , remaining count: 3
2024-11-21 17:23:00.809: [INFO][Sync] Prepare to configure types: Preferences, Passwords, Device Info, Send Tab To Self, Edge E Drop, Encryption Keys
2024-11-21 17:23:00.809: [INFO][SyncManagerImpl::ConfigureSyncer] Types to download: Preferences, Passwords, Device Info, Send Tab To Self, Edge E Drop, Encryption Keys with reason: 5
2024-11-21 17:23:00.809: [INFO][SyncSchedulerImpl::DoConfigurationSyncCycleJob] Blocked types:  and types to download: Preferences, Passwords, Device Info, Send Tab To Self, Edge E Drop, Encryption Keys
2024-11-21 17:23:03.058: [INFO][SyncEngineBackend::DoFinishConfigureDataTypes] Failed to download types:  and succeeded types: Preferences, Passwords, Device Info, Send Tab To Self, Edge E Drop, Encryption Keys
2024-11-21 17:23:03.073: [INFO][Sync] ConfigurationDone, failed: , succeeded: Preferences, Passwords, Device Info, Send Tab To Self, Edge E Drop, Encryption Keys, remaining count: 2
2024-11-21 17:23:03.073: [INFO][Sync] Prepare to configure types: Bookmarks, Encryption Keys
2024-11-21 17:23:03.073: [INFO][SyncManagerImpl::ConfigureSyncer] Types to download: Bookmarks, Encryption Keys with reason: 5
2024-11-21 17:23:03.073: [INFO][SyncSchedulerImpl::DoConfigurationSyncCycleJob] Blocked types:  and types to download: Bookmarks, Encryption Keys
2024-11-21 17:23:03.413: [INFO][SyncEngineBackend::DoFinishConfigureDataTypes] Failed to download types:  and succeeded types: Bookmarks, Encryption Keys
2024-11-21 17:23:03.417: [INFO][Sync] ConfigurationDone, failed: , succeeded: Bookmarks, Encryption Keys, remaining count: 1
2024-11-21 17:23:03.418: [INFO][Sync] Prepare to configure types: Autofill Profiles, Autofill, Typed URLs, Extensions, Sessions, Extension settings, History Delete Directives, Web Apps, Collection, Edge Hub App Usage, Edge Tab Group, Edge Wallet, Encryption Keys
2024-11-21 17:23:03.418: [INFO][SyncManagerImpl::ConfigureSyncer] Types to download: Autofill Profiles, Autofill, Typed URLs, Extensions, Sessions, Extension settings, History Delete Directives, Web Apps, Collection, Edge Hub App Usage, Edge Tab Group, Edge Wallet, Encryption Keys with reason: 5
2024-11-21 17:23:03.418: [INFO][SyncSchedulerImpl::DoConfigurationSyncCycleJob] Blocked types:  and types to download: Autofill Profiles, Autofill, Typed URLs, Extensions, Sessions, Extension settings, History Delete Directives, Web Apps, Collection, Edge Hub App Usage, Edge Tab Group, Edge Wallet, Encryption Keys
2024-11-21 17:23:23.335: [INFO][SyncEngineBackend::DoFinishConfigureDataTypes] Failed to download types:  and succeeded types: Autofill Profiles, Autofill, Typed URLs, Extensions, Sessions, Extension settings, History Delete Directives, Web Apps, Collection, Edge Hub App Usage, Edge Tab Group, Edge Wallet, Encryption Keys
2024-11-21 17:23:23.336: [INFO][Sync] ConfigurationDone, failed: , succeeded: Autofill Profiles, Autofill, Typed URLs, Extensions, Sessions, Extension settings, History Delete Directives, Web Apps, Collection, Edge Hub App Usage, Edge Tab Group, Edge Wallet, Encryption Keys, remaining count: 0
2024-11-21 17:23:23.336: [INFO][Sync]     Configuration completed, state: 7
2024-11-21 17:23:23.336: [INFO][Sync] Configured DataTypeManager: Ok
2024-11-21 17:23:23.337: [INFO][SyncEngineBackend::DoStartSyncing] Start syncing
2024-11-21 17:42:59.411: [INFO][Sync] SyncState after authenticated was: FeatureCanStart
2024-11-21 17:42:59.692: [INFO][Sync] Try to start sync engine
2024-11-21 17:42:59.693: [INFO][SyncManagerImpl::NudgeForInitialDownload] Initial download nudge for Encryption Keys
2024-11-21 17:42:59.693: [INFO][SyncEngineBackend::LoadAndConnectNigoriController] Load and connect Nigori controller
2024-11-21 17:42:59.693: [INFO][SyncEngineBackend::DoInitialize] Control Types added: Encryption Keys
2024-11-21 17:42:59.693: [INFO][SyncManagerImpl::ConfigureSyncer] Types to download: Encryption Keys with reason: 3
2024-11-21 17:42:59.693: [INFO][SyncSchedulerImpl::DoConfigurationSyncCycleJob] Configure job was blocked
2024-11-21 17:43:00.323: [INFO][SyncAuthManager::SetLastAuthError] Current auth error: None
2024-11-21 17:43:00.323: [INFO][SyncAuthManager::EdgeLogTokenErrorState] Token error with: None for account type: MSA
2024-11-21 17:43:00.324: [INFO][Sync] Credentials changed for: EdgeSyncKeyDataScope
2024-11-21 17:43:00.324: [INFO][SyncEngineBackend::DoUpdateKeyDataCredentials] Update key data credentials
2024-11-21 17:43:00.359: [INFO][SyncAuthManager::SetLastAuthError] Current auth error: None
2024-11-21 17:43:00.359: [INFO][SyncAuthManager::EdgeLogTokenErrorState] Token error with: None for account type: MSA
2024-11-21 17:43:00.359: [INFO][Sync] Credentials changed for: EdgeSyncScopeNew
2024-11-21 17:43:00.359: [INFO][SyncEngineBackend::DoUpdateCredentials] Update credentials
2024-11-21 17:43:00.359: [INFO][SyncEngineBackend::DoUpdateKeyDataCredentials] Update key data credentials
2024-11-21 17:43:00.359: [INFO][SyncSchedulerImpl::DoConfigurationSyncCycleJob] Blocked types:  and types to download: Encryption Keys
2024-11-21 17:43:01.340: [INFO][Sync] Started DataTypeManager configuration, reason: 4
2024-11-21 17:43:01.340: [INFO][Sync] Configuring for: Bookmarks, Preferences, Passwords, Autofill Profiles, Autofill, Extensions, Sessions, Extension settings, History Delete Directives, Device Info, User Consents, Send Tab To Self, Web Apps, History, Collection, Edge E Drop, Edge Hub App Usage, Edge Tab Group, Edge Wallet, Encryption Keys, reason: 4, current state: 0
2024-11-21 17:43:01.343: [INFO][Sync] Configure, desired: Bookmarks, Preferences, Extensions, Sessions, Extension settings, History Delete Directives, Device Info, User Consents, Send Tab To Self, Web Apps, History, Collection, Edge E Drop, Edge Hub App Usage, Edge Tab Group, Edge Wallet, Encryption Keys; Allow fail: Passwords, Autofill Profiles, Autofill
2024-11-21 17:43:01.343: [INFO][Sync] Loading: Bookmarks
2024-11-21 17:43:01.343: [INFO][Sync] Loading: Preferences
2024-11-21 17:43:01.343: [INFO][Sync] Loading: Extensions
2024-11-21 17:43:01.343: [INFO][Sync] Loading: Sessions
2024-11-21 17:43:01.343: [INFO][Sync] Loading: Extension settings
2024-11-21 17:43:01.343: [INFO][Sync] Loading: History Delete Directives
2024-11-21 17:43:01.343: [INFO][Sync] Loading: Device Info
2024-11-21 17:43:01.343: [INFO][Sync] Loading: User Consents
2024-11-21 17:43:01.343: [INFO][Sync] Loading: Send Tab To Self
2024-11-21 17:43:01.343: [INFO][Sync] Loading: Web Apps
2024-11-21 17:43:01.343: [INFO][Sync] Loading: History
2024-11-21 17:43:01.343: [INFO][Sync] Loading: Collection
2024-11-21 17:43:01.343: [INFO][Sync] Loading: Edge E Drop
2024-11-21 17:43:01.343: [INFO][Sync] Loading: Edge Hub App Usage
2024-11-21 17:43:01.343: [INFO][Sync] Loading: Edge Tab Group
2024-11-21 17:43:01.343: [INFO][Sync] Loading: Edge Wallet
2024-11-21 17:43:01.350: [INFO][Sync] All data types are ready for configure.
2024-11-21 17:43:01.752: [INFO][SyncEngineBackend::DoStartConfiguration] Start configuration
2024-11-21 17:43:01.752: [INFO][SyncManagerImpl::NudgeForInitialDownload] Initial download nudge for History
2024-11-21 17:43:01.752: [INFO][SyncManagerImpl::ConfigureSyncer] Types to download:  with reason: 4
2024-11-21 17:43:01.752: [INFO][SyncEngineBackend::DoFinishConfigureDataTypes] Failed to download types:  and succeeded types: 
2024-11-21 17:43:01.755: [INFO][Sync] Started DataTypeManager configuration, reason: 5
2024-11-21 17:43:01.755: [INFO][Sync] Configuring for: Bookmarks, Preferences, Passwords, Autofill Profiles, Autofill, Extensions, Sessions, Extension settings, History Delete Directives, Device Info, User Consents, Send Tab To Self, Web Apps, History, Collection, Edge E Drop, Edge Hub App Usage, Edge Tab Group, Edge Wallet, Encryption Keys, reason: 5, current state: 1
2024-11-21 17:43:01.758: [INFO][Sync] ConfigurationDone, failed: , succeeded: , remaining count: 4
2024-11-21 17:43:01.758: [WARN][Sync]     Reconfigure requested while configuration ongoing.
2024-11-21 17:43:01.758: [INFO][Sync] Configuring for: Bookmarks, Preferences, Passwords, Autofill Profiles, Autofill, Extensions, Sessions, Extension settings, History Delete Directives, Device Info, User Consents, Send Tab To Self, Web Apps, History, Collection, Edge E Drop, Edge Hub App Usage, Edge Tab Group, Edge Wallet, Encryption Keys, reason: 5, current state: 2
2024-11-21 17:43:01.758: [INFO][Sync] Configure, desired: Bookmarks, Preferences, Passwords, Autofill Profiles, Autofill, Extensions, Sessions, Extension settings, History Delete Directives, Device Info, User Consents, Send Tab To Self, Web Apps, History, Collection, Edge E Drop, Edge Hub App Usage, Edge Tab Group, Edge Wallet, Encryption Keys; Allow fail: 
2024-11-21 17:43:01.758: [INFO][Sync] Loading: Passwords
2024-11-21 17:43:01.758: [INFO][Sync] Loading: Autofill Profiles
2024-11-21 17:43:01.758: [INFO][Sync] Loading: Autofill
2024-11-21 17:43:01.759: [INFO][Sync] All data types are ready for configure.
2024-11-21 17:43:01.759: [INFO][SyncManagerImpl::NudgeForInitialDownload] Initial download nudge for Passwords
2024-11-21 17:43:01.759: [INFO][SyncManagerImpl::ConfigureSyncer] Types to download:  with reason: 5
2024-11-21 17:43:01.759: [INFO][SyncEngineBackend::DoFinishConfigureDataTypes] Failed to download types:  and succeeded types: 
2024-11-21 17:43:01.759: [INFO][Sync] ConfigurationDone, failed: , succeeded: , remaining count: 4
2024-11-21 17:43:01.759: [INFO][Sync] Prepare to configure types: Passwords, Encryption Keys
2024-11-21 17:43:01.760: [INFO][SyncManagerImpl::ConfigureSyncer] Types to download: Passwords, Encryption Keys with reason: 5
2024-11-21 17:43:01.760: [INFO][SyncSchedulerImpl::DoConfigurationSyncCycleJob] Blocked types:  and types to download: Passwords, Encryption Keys
2024-11-21 17:43:02.405: [INFO][SyncEngineBackend::DoFinishConfigureDataTypes] Failed to download types:  and succeeded types: Passwords, Encryption Keys
2024-11-21 17:43:02.408: [INFO][Sync] ConfigurationDone, failed: , succeeded: Passwords, Encryption Keys, remaining count: 3
2024-11-21 17:43:02.408: [INFO][SyncManagerImpl::ConfigureSyncer] Types to download:  with reason: 5
2024-11-21 17:43:02.408: [INFO][SyncEngineBackend::DoFinishConfigureDataTypes] Failed to download types:  and succeeded types: 
2024-11-21 17:43:02.408: [INFO][Sync] ConfigurationDone, failed: , succeeded: , remaining count: 2
2024-11-21 17:43:02.408: [INFO][SyncManagerImpl::ConfigureSyncer] Types to download:  with reason: 5
2024-11-21 17:43:02.408: [INFO][SyncEngineBackend::DoFinishConfigureDataTypes] Failed to download types:  and succeeded types: 
2024-11-21 17:43:02.408: [INFO][Sync] ConfigurationDone, failed: , succeeded: , remaining count: 1
2024-11-21 17:43:02.410: [INFO][Sync] Prepare to configure types: History, Encryption Keys
2024-11-21 17:43:02.410: [INFO][SyncManagerImpl::ConfigureSyncer] Types to download: History, Encryption Keys with reason: 5
2024-11-21 17:43:02.410: [INFO][SyncSchedulerImpl::DoConfigurationSyncCycleJob] Blocked types:  and types to download: History, Encryption Keys
2024-11-21 17:43:13.021: [INFO][SyncEngineBackend::DoFinishConfigureDataTypes] Failed to download types:  and succeeded types: History, Encryption Keys
2024-11-21 17:43:13.023: [INFO][Sync] ConfigurationDone, failed: , succeeded: History, Encryption Keys, remaining count: 0
2024-11-21 17:43:13.024: [INFO][Sync]     Configuration completed, state: 7
2024-11-21 17:43:13.024: [INFO][Sync] Configured DataTypeManager: Ok
2024-11-21 17:43:13.026: [INFO][SyncEngineBackend::DoStartSyncing] Start syncing
2024-11-21 18:25:42.119: [INFO][Sync] SyncState after authenticated was: FeatureCanStart
2024-11-21 18:25:42.388: [INFO][Sync] Try to start sync engine
2024-11-21 18:25:42.389: [INFO][SyncManagerImpl::NudgeForInitialDownload] Initial download nudge for Encryption Keys
2024-11-21 18:25:42.389: [INFO][SyncEngineBackend::LoadAndConnectNigoriController] Load and connect Nigori controller
2024-11-21 18:25:42.389: [INFO][SyncEngineBackend::DoInitialize] Control Types added: Encryption Keys
2024-11-21 18:25:42.389: [INFO][SyncManagerImpl::ConfigureSyncer] Types to download: Encryption Keys with reason: 3
2024-11-21 18:25:42.389: [INFO][SyncSchedulerImpl::DoConfigurationSyncCycleJob] Configure job was blocked
2024-11-21 18:25:43.230: [INFO][SyncAuthManager::SetLastAuthError] Current auth error: None
2024-11-21 18:25:43.230: [INFO][SyncAuthManager::EdgeLogTokenErrorState] Token error with: None for account type: MSA
2024-11-21 18:25:43.230: [INFO][Sync] Credentials changed for: EdgeSyncKeyDataScope
2024-11-21 18:25:43.230: [INFO][SyncEngineBackend::DoUpdateKeyDataCredentials] Update key data credentials
2024-11-21 18:25:43.331: [INFO][SyncAuthManager::SetLastAuthError] Current auth error: None
2024-11-21 18:25:43.331: [INFO][SyncAuthManager::EdgeLogTokenErrorState] Token error with: None for account type: MSA
2024-11-21 18:25:43.331: [INFO][Sync] Credentials changed for: EdgeSyncScopeNew
2024-11-21 18:25:43.331: [INFO][SyncEngineBackend::DoUpdateCredentials] Update credentials
2024-11-21 18:25:43.331: [INFO][SyncSchedulerImpl::DoConfigurationSyncCycleJob] Blocked types:  and types to download: Encryption Keys
2024-11-21 18:25:44.142: [INFO][SyncEngineBackend::DoUpdateKeyDataCredentials] Update key data credentials
2024-11-21 18:25:44.149: [INFO][Sync] Started DataTypeManager configuration, reason: 4
2024-11-21 18:25:44.149: [INFO][Sync] Configuring for: Bookmarks, Preferences, Passwords, Autofill Profiles, Autofill, Extensions, Sessions, Extension settings, History Delete Directives, Device Info, User Consents, Send Tab To Self, Web Apps, History, Collection, Edge E Drop, Edge Hub App Usage, Edge Tab Group, Edge Wallet, Encryption Keys, reason: 4, current state: 0
2024-11-21 18:25:44.151: [INFO][Sync] Configure, desired: Bookmarks, Preferences, Extensions, Sessions, Extension settings, History Delete Directives, Device Info, User Consents, Send Tab To Self, Web Apps, History, Collection, Edge E Drop, Edge Hub App Usage, Edge Tab Group, Edge Wallet, Encryption Keys; Allow fail: Passwords, Autofill Profiles, Autofill
2024-11-21 18:25:44.151: [INFO][Sync] Loading: Bookmarks
2024-11-21 18:25:44.151: [INFO][Sync] Loading: Preferences
2024-11-21 18:25:44.151: [INFO][Sync] Loading: Extensions
2024-11-21 18:25:44.151: [INFO][Sync] Loading: Sessions
2024-11-21 18:25:44.151: [INFO][Sync] Loading: Extension settings
2024-11-21 18:25:44.151: [INFO][Sync] Loading: History Delete Directives
2024-11-21 18:25:44.151: [INFO][Sync] Loading: Device Info
2024-11-21 18:25:44.151: [INFO][Sync] Loading: User Consents
2024-11-21 18:25:44.151: [INFO][Sync] Loading: Send Tab To Self
2024-11-21 18:25:44.151: [INFO][Sync] Loading: Web Apps
2024-11-21 18:25:44.151: [INFO][Sync] Loading: History
2024-11-21 18:25:44.151: [INFO][Sync] Loading: Collection
2024-11-21 18:25:44.151: [INFO][Sync] Loading: Edge E Drop
2024-11-21 18:25:44.151: [INFO][Sync] Loading: Edge Hub App Usage
2024-11-21 18:25:44.151: [INFO][Sync] Loading: Edge Tab Group
2024-11-21 18:25:44.151: [INFO][Sync] Loading: Edge Wallet
2024-11-21 18:25:44.156: [INFO][Sync] All data types are ready for configure.
2024-11-21 18:25:44.619: [INFO][Sync] Started DataTypeManager configuration, reason: 5
2024-11-21 18:25:44.619: [INFO][Sync] Configuring for: Bookmarks, Preferences, Passwords, Autofill Profiles, Autofill, Extensions, Sessions, Extension settings, History Delete Directives, Device Info, User Consents, Send Tab To Self, Web Apps, History, Collection, Edge E Drop, Edge Hub App Usage, Edge Tab Group, Edge Wallet, Encryption Keys, reason: 5, current state: 1
2024-11-21 18:25:44.619: [INFO][SyncEngineBackend::DoStartConfiguration] Start configuration
2024-11-21 18:25:44.619: [INFO][SyncManagerImpl::ConfigureSyncer] Types to download:  with reason: 4
2024-11-21 18:25:44.619: [INFO][SyncEngineBackend::DoFinishConfigureDataTypes] Failed to download types:  and succeeded types: 
2024-11-21 18:25:44.621: [INFO][Sync] ConfigurationDone, failed: , succeeded: , remaining count: 4
2024-11-21 18:25:44.621: [WARN][Sync]     Reconfigure requested while configuration ongoing.
2024-11-21 18:25:44.621: [INFO][Sync] Configuring for: Bookmarks, Preferences, Passwords, Autofill Profiles, Autofill, Extensions, Sessions, Extension settings, History Delete Directives, Device Info, User Consents, Send Tab To Self, Web Apps, History, Collection, Edge E Drop, Edge Hub App Usage, Edge Tab Group, Edge Wallet, Encryption Keys, reason: 5, current state: 2
2024-11-21 18:25:44.621: [INFO][Sync] Configure, desired: Bookmarks, Preferences, Passwords, Autofill Profiles, Autofill, Extensions, Sessions, Extension settings, History Delete Directives, Device Info, User Consents, Send Tab To Self, Web Apps, History, Collection, Edge E Drop, Edge Hub App Usage, Edge Tab Group, Edge Wallet, Encryption Keys; Allow fail: 
2024-11-21 18:25:44.621: [INFO][Sync] Loading: Passwords
2024-11-21 18:25:44.621: [INFO][Sync] Loading: Autofill Profiles
2024-11-21 18:25:44.621: [INFO][Sync] Loading: Autofill
2024-11-21 18:25:44.621: [INFO][Sync] All data types are ready for configure.
2024-11-21 18:25:44.621: [INFO][SyncManagerImpl::NudgeForInitialDownload] Initial download nudge for Passwords
2024-11-21 18:25:44.621: [INFO][SyncManagerImpl::ConfigureSyncer] Types to download:  with reason: 5
2024-11-21 18:25:44.621: [INFO][SyncEngineBackend::DoFinishConfigureDataTypes] Failed to download types:  and succeeded types: 
2024-11-21 18:25:44.621: [INFO][Sync] ConfigurationDone, failed: , succeeded: , remaining count: 4
2024-11-21 18:25:44.621: [INFO][Sync] Prepare to configure types: Passwords, Encryption Keys
2024-11-21 18:25:44.621: [INFO][SyncManagerImpl::ConfigureSyncer] Types to download: Passwords, Encryption Keys with reason: 5
2024-11-21 18:25:44.621: [INFO][SyncSchedulerImpl::DoConfigurationSyncCycleJob] Blocked types:  and types to download: Passwords, Encryption Keys
2024-11-21 18:25:45.270: [INFO][SyncEngineBackend::DoFinishConfigureDataTypes] Failed to download types:  and succeeded types: Passwords, Encryption Keys
2024-11-21 18:25:45.272: [INFO][Sync] ConfigurationDone, failed: , succeeded: Passwords, Encryption Keys, remaining count: 3
2024-11-21 18:25:45.272: [INFO][SyncManagerImpl::ConfigureSyncer] Types to download:  with reason: 5
2024-11-21 18:25:45.272: [INFO][SyncEngineBackend::DoFinishConfigureDataTypes] Failed to download types:  and succeeded types: 
2024-11-21 18:25:45.272: [INFO][Sync] ConfigurationDone, failed: , succeeded: , remaining count: 2
2024-11-21 18:25:45.272: [INFO][SyncManagerImpl::ConfigureSyncer] Types to download:  with reason: 5
2024-11-21 18:25:45.272: [INFO][SyncEngineBackend::DoFinishConfigureDataTypes] Failed to download types:  and succeeded types: 
2024-11-21 18:25:45.274: [INFO][Sync] ConfigurationDone, failed: , succeeded: , remaining count: 1
2024-11-21 18:25:45.276: [INFO][SyncManagerImpl::ConfigureSyncer] Types to download:  with reason: 5
2024-11-21 18:25:45.276: [INFO][SyncEngineBackend::DoFinishConfigureDataTypes] Failed to download types:  and succeeded types: 
2024-11-21 18:25:45.277: [INFO][Sync] ConfigurationDone, failed: , succeeded: , remaining count: 0
2024-11-21 18:25:45.279: [INFO][Sync]     Configuration completed, state: 7
2024-11-21 18:25:45.279: [INFO][Sync] Configured DataTypeManager: Ok
2024-11-21 18:25:45.280: [INFO][SyncEngineBackend::DoStartSyncing] Start syncing
